2017/02/05 16:59:21 INFO  - jmeter.util.JMeterUtils: Setting Locale to zh_CN 
2017/02/05 16:59:21 INFO  - jmeter.JMeter: Loading user properties from: E:\Jmeter1\bin\user.properties 
2017/02/05 16:59:21 INFO  - jmeter.JMeter: Loading system properties from: E:\Jmeter1\bin\system.properties 
2017/02/05 16:59:21 INFO  - jmeter.JMeter: Copyright (c) 1998-2015 The Apache Software Foundation 
2017/02/05 16:59:21 INFO  - jmeter.JMeter: Version 2.13 
2017/02/05 16:59:21 INFO  - jmeter.JMeter: java.version=1.6.0_10-rc2 
2017/02/05 16:59:21 INFO  - jmeter.JMeter: java.vm.name=Java HotSpot(TM) Client VM 
2017/02/05 16:59:21 INFO  - jmeter.JMeter: os.name=Windows Vista 
2017/02/05 16:59:21 INFO  - jmeter.JMeter: os.arch=x86 
2017/02/05 16:59:21 INFO  - jmeter.JMeter: os.version=6.1 
2017/02/05 16:59:21 INFO  - jmeter.JMeter: file.encoding=GBK 
2017/02/05 16:59:21 INFO  - jmeter.JMeter: Default Locale=中文 (中国) 
2017/02/05 16:59:21 INFO  - jmeter.JMeter: JMeter  Locale=中文 (中国) 
2017/02/05 16:59:21 INFO  - jmeter.JMeter: JMeterHome=E:\Jmeter1 
2017/02/05 16:59:21 INFO  - jmeter.JMeter: user.dir  =E:\Jmeter1\bin 
2017/02/05 16:59:21 INFO  - jmeter.JMeter: PWD       =E:\Jmeter1\bin 
2017/02/05 16:59:21 INFO  - jmeter.JMeter: IP: 192.168.1.106 Name: 2prfp2x-PC FullName: 2prfp2x-PC 
2017/02/05 16:59:21 INFO  - jmeter.gui.action.LookAndFeelCommand: Using look and feel: javax.swing.plaf.metal.MetalLookAndFeel [Metal, CrossPlatform] 
2017/02/05 16:59:21 INFO  - jmeter.JMeter: Loaded icon properties from org/apache/jmeter/images/icon.properties 
2017/02/05 16:59:24 INFO  - jmeter.engine.util.CompoundVariable: Note: Function class names must contain the string: '.functions.' 
2017/02/05 16:59:24 INFO  - jmeter.engine.util.CompoundVariable: Note: Function class names must not contain the string: '.gui.' 
2017/02/05 16:59:24 ERROR - jmeter.engine.util.CompoundVariable:  java.lang.ClassNotFoundException: kg.apc.jmeter.functions.Base64Decode
	at java.net.URLClassLoader$1.run(Unknown Source)
	at java.security.AccessController.doPrivileged(Native Method)
	at java.net.URLClassLoader.findClass(Unknown Source)
	at java.lang.ClassLoader.loadClass(Unknown Source)
	at sun.misc.Launcher$AppClassLoader.loadClass(Unknown Source)
	at java.lang.ClassLoader.loadClass(Unknown Source)
	at java.lang.ClassLoader.loadClassInternal(Unknown Source)
	at java.lang.Class.forName0(Native Method)
	at java.lang.Class.forName(Unknown Source)
	at org.apache.jmeter.engine.util.CompoundVariable.<clinit>(CompoundVariable.java:76)
	at org.apache.jmeter.functions.gui.FunctionHelper.initializeFunctionList(FunctionHelper.java:117)
	at org.apache.jmeter.functions.gui.FunctionHelper.init(FunctionHelper.java:95)
	at org.apache.jmeter.functions.gui.FunctionHelper.<init>(FunctionHelper.java:68)
	at org.apache.jmeter.gui.action.CreateFunctionDialog.<init>(CreateFunctionDialog.java:37)
	at sun.reflect.NativeConstructorAccessorImpl.newInstance0(Native Method)
	at sun.reflect.NativeConstructorAccessorImpl.newInstance(Unknown Source)
	at sun.reflect.DelegatingConstructorAccessorImpl.newInstance(Unknown Source)
	at java.lang.reflect.Constructor.newInstance(Unknown Source)
	at java.lang.Class.newInstance0(Unknown Source)
	at java.lang.Class.newInstance(Unknown Source)
	at org.apache.jmeter.gui.action.ActionRouter.populateCommandMap(ActionRouter.java:305)
	at org.apache.jmeter.gui.action.ActionRouter.getInstance(ActionRouter.java:332)
	at org.apache.jmeter.JMeter.startGui(JMeter.java:239)
	at org.apache.jmeter.JMeter.start(JMeter.java:385)
	at sun.reflect.NativeMethodAccessorImpl.invoke0(Native Method)
	at sun.reflect.NativeMethodAccessorImpl.invoke(Unknown Source)
	at sun.reflect.DelegatingMethodAccessorImpl.invoke(Unknown Source)
	at java.lang.reflect.Method.invoke(Unknown Source)
	at org.apache.jmeter.NewDriver.main(NewDriver.java:264)

2017/02/05 16:59:25 WARN  - jmeter.gui.util.MenuFactory: Could not instantiate com.atlantbh.jmeter.plugins.jsontoxmlconverter.gui.JSONToXMLConverterGui java.lang.ClassNotFoundException: com.atlantbh.jmeter.plugins.jsontoxmlconverter.gui.JSONToXMLConverterGui
	at java.net.URLClassLoader$1.run(Unknown Source)
	at java.security.AccessController.doPrivileged(Native Method)
	at java.net.URLClassLoader.findClass(Unknown Source)
	at java.lang.ClassLoader.loadClass(Unknown Source)
	at sun.misc.Launcher$AppClassLoader.loadClass(Unknown Source)
	at java.lang.ClassLoader.loadClass(Unknown Source)
	at java.lang.ClassLoader.loadClassInternal(Unknown Source)
	at java.lang.Class.forName0(Native Method)
	at java.lang.Class.forName(Unknown Source)
	at org.apache.jmeter.gui.util.MenuFactory.initializeMenus(MenuFactory.java:484)
	at org.apache.jmeter.gui.util.MenuFactory.<clinit>(MenuFactory.java:160)
	at org.apache.jmeter.control.gui.WorkBenchGui.createPopupMenu(WorkBenchGui.java:119)
	at org.apache.jmeter.gui.tree.JMeterTreeNode.createPopupMenu(JMeterTreeNode.java:158)
	at org.apache.jmeter.gui.action.EditCommand.doAction(EditCommand.java:47)
	at org.apache.jmeter.gui.action.ActionRouter.performAction(ActionRouter.java:81)
	at org.apache.jmeter.gui.action.ActionRouter.access$0(ActionRouter.java:69)
	at org.apache.jmeter.gui.action.ActionRouter$1.run(ActionRouter.java:63)
	at java.awt.event.InvocationEvent.dispatch(Unknown Source)
	at java.awt.EventQueue.dispatchEvent(Unknown Source)
	at java.awt.EventDispatchThread.pumpOneEventForFilters(Unknown Source)
	at java.awt.EventDispatchThread.pumpEventsForFilter(Unknown Source)
	at java.awt.EventDispatchThread.pumpEventsForHierarchy(Unknown Source)
	at java.awt.EventDispatchThread.pumpEvents(Unknown Source)
	at java.awt.EventDispatchThread.pumpEvents(Unknown Source)
	at java.awt.EventDispatchThread.run(Unknown Source)

2017/02/05 16:59:25 WARN  - jmeter.gui.util.MenuFactory: Could not instantiate com.atlantbh.jmeter.plugins.jsonutils.jsonformatter.gui.JSONFormatterGui java.lang.ClassNotFoundException: com.atlantbh.jmeter.plugins.jsonutils.jsonformatter.gui.JSONFormatterGui
	at java.net.URLClassLoader$1.run(Unknown Source)
	at java.security.AccessController.doPrivileged(Native Method)
	at java.net.URLClassLoader.findClass(Unknown Source)
	at java.lang.ClassLoader.loadClass(Unknown Source)
	at sun.misc.Launcher$AppClassLoader.loadClass(Unknown Source)
	at java.lang.ClassLoader.loadClass(Unknown Source)
	at java.lang.ClassLoader.loadClassInternal(Unknown Source)
	at java.lang.Class.forName0(Native Method)
	at java.lang.Class.forName(Unknown Source)
	at org.apache.jmeter.gui.util.MenuFactory.initializeMenus(MenuFactory.java:484)
	at org.apache.jmeter.gui.util.MenuFactory.<clinit>(MenuFactory.java:160)
	at org.apache.jmeter.control.gui.WorkBenchGui.createPopupMenu(WorkBenchGui.java:119)
	at org.apache.jmeter.gui.tree.JMeterTreeNode.createPopupMenu(JMeterTreeNode.java:158)
	at org.apache.jmeter.gui.action.EditCommand.doAction(EditCommand.java:47)
	at org.apache.jmeter.gui.action.ActionRouter.performAction(ActionRouter.java:81)
	at org.apache.jmeter.gui.action.ActionRouter.access$0(ActionRouter.java:69)
	at org.apache.jmeter.gui.action.ActionRouter$1.run(ActionRouter.java:63)
	at java.awt.event.InvocationEvent.dispatch(Unknown Source)
	at java.awt.EventQueue.dispatchEvent(Unknown Source)
	at java.awt.EventDispatchThread.pumpOneEventForFilters(Unknown Source)
	at java.awt.EventDispatchThread.pumpEventsForFilter(Unknown Source)
	at java.awt.EventDispatchThread.pumpEventsForHierarchy(Unknown Source)
	at java.awt.EventDispatchThread.pumpEvents(Unknown Source)
	at java.awt.EventDispatchThread.pumpEvents(Unknown Source)
	at java.awt.EventDispatchThread.run(Unknown Source)

2017/02/05 16:59:25 WARN  - jmeter.gui.util.MenuFactory: Could not instantiate com.atlantbh.jmeter.plugins.jsonutils.jsonpathassertion.gui.JSONPathAssertionGui java.lang.ClassNotFoundException: com.atlantbh.jmeter.plugins.jsonutils.jsonpathassertion.gui.JSONPathAssertionGui
	at java.net.URLClassLoader$1.run(Unknown Source)
	at java.security.AccessController.doPrivileged(Native Method)
	at java.net.URLClassLoader.findClass(Unknown Source)
	at java.lang.ClassLoader.loadClass(Unknown Source)
	at sun.misc.Launcher$AppClassLoader.loadClass(Unknown Source)
	at java.lang.ClassLoader.loadClass(Unknown Source)
	at java.lang.ClassLoader.loadClassInternal(Unknown Source)
	at java.lang.Class.forName0(Native Method)
	at java.lang.Class.forName(Unknown Source)
	at org.apache.jmeter.gui.util.MenuFactory.initializeMenus(MenuFactory.java:484)
	at org.apache.jmeter.gui.util.MenuFactory.<clinit>(MenuFactory.java:160)
	at org.apache.jmeter.control.gui.WorkBenchGui.createPopupMenu(WorkBenchGui.java:119)
	at org.apache.jmeter.gui.tree.JMeterTreeNode.createPopupMenu(JMeterTreeNode.java:158)
	at org.apache.jmeter.gui.action.EditCommand.doAction(EditCommand.java:47)
	at org.apache.jmeter.gui.action.ActionRouter.performAction(ActionRouter.java:81)
	at org.apache.jmeter.gui.action.ActionRouter.access$0(ActionRouter.java:69)
	at org.apache.jmeter.gui.action.ActionRouter$1.run(ActionRouter.java:63)
	at java.awt.event.InvocationEvent.dispatch(Unknown Source)
	at java.awt.EventQueue.dispatchEvent(Unknown Source)
	at java.awt.EventDispatchThread.pumpOneEventForFilters(Unknown Source)
	at java.awt.EventDispatchThread.pumpEventsForFilter(Unknown Source)
	at java.awt.EventDispatchThread.pumpEventsForHierarchy(Unknown Source)
	at java.awt.EventDispatchThread.pumpEvents(Unknown Source)
	at java.awt.EventDispatchThread.pumpEvents(Unknown Source)
	at java.awt.EventDispatchThread.run(Unknown Source)

2017/02/05 16:59:25 WARN  - jmeter.gui.util.MenuFactory: Could not instantiate com.atlantbh.jmeter.plugins.jsonutils.jsonpathextractor.gui.JSONPathExtractorGui java.lang.ClassNotFoundException: com.atlantbh.jmeter.plugins.jsonutils.jsonpathextractor.gui.JSONPathExtractorGui
	at java.net.URLClassLoader$1.run(Unknown Source)
	at java.security.AccessController.doPrivileged(Native Method)
	at java.net.URLClassLoader.findClass(Unknown Source)
	at java.lang.ClassLoader.loadClass(Unknown Source)
	at sun.misc.Launcher$AppClassLoader.loadClass(Unknown Source)
	at java.lang.ClassLoader.loadClass(Unknown Source)
	at java.lang.ClassLoader.loadClassInternal(Unknown Source)
	at java.lang.Class.forName0(Native Method)
	at java.lang.Class.forName(Unknown Source)
	at org.apache.jmeter.gui.util.MenuFactory.initializeMenus(MenuFactory.java:484)
	at org.apache.jmeter.gui.util.MenuFactory.<clinit>(MenuFactory.java:160)
	at org.apache.jmeter.control.gui.WorkBenchGui.createPopupMenu(WorkBenchGui.java:119)
	at org.apache.jmeter.gui.tree.JMeterTreeNode.createPopupMenu(JMeterTreeNode.java:158)
	at org.apache.jmeter.gui.action.EditCommand.doAction(EditCommand.java:47)
	at org.apache.jmeter.gui.action.ActionRouter.performAction(ActionRouter.java:81)
	at org.apache.jmeter.gui.action.ActionRouter.access$0(ActionRouter.java:69)
	at org.apache.jmeter.gui.action.ActionRouter$1.run(ActionRouter.java:63)
	at java.awt.event.InvocationEvent.dispatch(Unknown Source)
	at java.awt.EventQueue.dispatchEvent(Unknown Source)
	at java.awt.EventDispatchThread.pumpOneEventForFilters(Unknown Source)
	at java.awt.EventDispatchThread.pumpEventsForFilter(Unknown Source)
	at java.awt.EventDispatchThread.pumpEventsForHierarchy(Unknown Source)
	at java.awt.EventDispatchThread.pumpEvents(Unknown Source)
	at java.awt.EventDispatchThread.pumpEvents(Unknown Source)
	at java.awt.EventDispatchThread.run(Unknown Source)

2017/02/05 16:59:25 WARN  - jmeter.gui.util.MenuFactory: Could not instantiate com.atlantbh.jmeter.plugins.oauth.gui.OAuthSamplerGui java.lang.ClassNotFoundException: com.atlantbh.jmeter.plugins.oauth.gui.OAuthSamplerGui
	at java.net.URLClassLoader$1.run(Unknown Source)
	at java.security.AccessController.doPrivileged(Native Method)
	at java.net.URLClassLoader.findClass(Unknown Source)
	at java.lang.ClassLoader.loadClass(Unknown Source)
	at sun.misc.Launcher$AppClassLoader.loadClass(Unknown Source)
	at java.lang.ClassLoader.loadClass(Unknown Source)
	at java.lang.ClassLoader.loadClassInternal(Unknown Source)
	at java.lang.Class.forName0(Native Method)
	at java.lang.Class.forName(Unknown Source)
	at org.apache.jmeter.gui.util.MenuFactory.initializeMenus(MenuFactory.java:484)
	at org.apache.jmeter.gui.util.MenuFactory.<clinit>(MenuFactory.java:160)
	at org.apache.jmeter.control.gui.WorkBenchGui.createPopupMenu(WorkBenchGui.java:119)
	at org.apache.jmeter.gui.tree.JMeterTreeNode.createPopupMenu(JMeterTreeNode.java:158)
	at org.apache.jmeter.gui.action.EditCommand.doAction(EditCommand.java:47)
	at org.apache.jmeter.gui.action.ActionRouter.performAction(ActionRouter.java:81)
	at org.apache.jmeter.gui.action.ActionRouter.access$0(ActionRouter.java:69)
	at org.apache.jmeter.gui.action.ActionRouter$1.run(ActionRouter.java:63)
	at java.awt.event.InvocationEvent.dispatch(Unknown Source)
	at java.awt.EventQueue.dispatchEvent(Unknown Source)
	at java.awt.EventDispatchThread.pumpOneEventForFilters(Unknown Source)
	at java.awt.EventDispatchThread.pumpEventsForFilter(Unknown Source)
	at java.awt.EventDispatchThread.pumpEventsForHierarchy(Unknown Source)
	at java.awt.EventDispatchThread.pumpEvents(Unknown Source)
	at java.awt.EventDispatchThread.pumpEvents(Unknown Source)
	at java.awt.EventDispatchThread.run(Unknown Source)

2017/02/05 16:59:25 WARN  - jmeter.gui.util.MenuFactory: Could not instantiate com.atlantbh.jmeter.plugins.rest.gui.RestGui java.lang.ClassNotFoundException: com.atlantbh.jmeter.plugins.rest.gui.RestGui
	at java.net.URLClassLoader$1.run(Unknown Source)
	at java.security.AccessController.doPrivileged(Native Method)
	at java.net.URLClassLoader.findClass(Unknown Source)
	at java.lang.ClassLoader.loadClass(Unknown Source)
	at sun.misc.Launcher$AppClassLoader.loadClass(Unknown Source)
	at java.lang.ClassLoader.loadClass(Unknown Source)
	at java.lang.ClassLoader.loadClassInternal(Unknown Source)
	at java.lang.Class.forName0(Native Method)
	at java.lang.Class.forName(Unknown Source)
	at org.apache.jmeter.gui.util.MenuFactory.initializeMenus(MenuFactory.java:484)
	at org.apache.jmeter.gui.util.MenuFactory.<clinit>(MenuFactory.java:160)
	at org.apache.jmeter.control.gui.WorkBenchGui.createPopupMenu(WorkBenchGui.java:119)
	at org.apache.jmeter.gui.tree.JMeterTreeNode.createPopupMenu(JMeterTreeNode.java:158)
	at org.apache.jmeter.gui.action.EditCommand.doAction(EditCommand.java:47)
	at org.apache.jmeter.gui.action.ActionRouter.performAction(ActionRouter.java:81)
	at org.apache.jmeter.gui.action.ActionRouter.access$0(ActionRouter.java:69)
	at org.apache.jmeter.gui.action.ActionRouter$1.run(ActionRouter.java:63)
	at java.awt.event.InvocationEvent.dispatch(Unknown Source)
	at java.awt.EventQueue.dispatchEvent(Unknown Source)
	at java.awt.EventDispatchThread.pumpOneEventForFilters(Unknown Source)
	at java.awt.EventDispatchThread.pumpEventsForFilter(Unknown Source)
	at java.awt.EventDispatchThread.pumpEventsForHierarchy(Unknown Source)
	at java.awt.EventDispatchThread.pumpEvents(Unknown Source)
	at java.awt.EventDispatchThread.pumpEvents(Unknown Source)
	at java.awt.EventDispatchThread.run(Unknown Source)

2017/02/05 16:59:25 WARN  - jmeter.gui.util.MenuFactory: Could not instantiate com.atlantbh.jmeter.plugins.xmlformatter.gui.XMLFormatPostProcessorGui java.lang.ClassNotFoundException: com.atlantbh.jmeter.plugins.xmlformatter.gui.XMLFormatPostProcessorGui
	at java.net.URLClassLoader$1.run(Unknown Source)
	at java.security.AccessController.doPrivileged(Native Method)
	at java.net.URLClassLoader.findClass(Unknown Source)
	at java.lang.ClassLoader.loadClass(Unknown Source)
	at sun.misc.Launcher$AppClassLoader.loadClass(Unknown Source)
	at java.lang.ClassLoader.loadClass(Unknown Source)
	at java.lang.ClassLoader.loadClassInternal(Unknown Source)
	at java.lang.Class.forName0(Native Method)
	at java.lang.Class.forName(Unknown Source)
	at org.apache.jmeter.gui.util.MenuFactory.initializeMenus(MenuFactory.java:484)
	at org.apache.jmeter.gui.util.MenuFactory.<clinit>(MenuFactory.java:160)
	at org.apache.jmeter.control.gui.WorkBenchGui.createPopupMenu(WorkBenchGui.java:119)
	at org.apache.jmeter.gui.tree.JMeterTreeNode.createPopupMenu(JMeterTreeNode.java:158)
	at org.apache.jmeter.gui.action.EditCommand.doAction(EditCommand.java:47)
	at org.apache.jmeter.gui.action.ActionRouter.performAction(ActionRouter.java:81)
	at org.apache.jmeter.gui.action.ActionRouter.access$0(ActionRouter.java:69)
	at org.apache.jmeter.gui.action.ActionRouter$1.run(ActionRouter.java:63)
	at java.awt.event.InvocationEvent.dispatch(Unknown Source)
	at java.awt.EventQueue.dispatchEvent(Unknown Source)
	at java.awt.EventDispatchThread.pumpOneEventForFilters(Unknown Source)
	at java.awt.EventDispatchThread.pumpEventsForFilter(Unknown Source)
	at java.awt.EventDispatchThread.pumpEventsForHierarchy(Unknown Source)
	at java.awt.EventDispatchThread.pumpEvents(Unknown Source)
	at java.awt.EventDispatchThread.pumpEvents(Unknown Source)
	at java.awt.EventDispatchThread.run(Unknown Source)

2017/02/05 16:59:25 WARN  - jmeter.gui.util.MenuFactory: Could not instantiate kg.apc.jmeter.config.DistributedTestControlGui java.lang.ClassNotFoundException: kg.apc.jmeter.config.DistributedTestControlGui
	at java.net.URLClassLoader$1.run(Unknown Source)
	at java.security.AccessController.doPrivileged(Native Method)
	at java.net.URLClassLoader.findClass(Unknown Source)
	at java.lang.ClassLoader.loadClass(Unknown Source)
	at sun.misc.Launcher$AppClassLoader.loadClass(Unknown Source)
	at java.lang.ClassLoader.loadClass(Unknown Source)
	at java.lang.ClassLoader.loadClassInternal(Unknown Source)
	at java.lang.Class.forName0(Native Method)
	at java.lang.Class.forName(Unknown Source)
	at org.apache.jmeter.gui.util.MenuFactory.initializeMenus(MenuFactory.java:484)
	at org.apache.jmeter.gui.util.MenuFactory.<clinit>(MenuFactory.java:160)
	at org.apache.jmeter.control.gui.WorkBenchGui.createPopupMenu(WorkBenchGui.java:119)
	at org.apache.jmeter.gui.tree.JMeterTreeNode.createPopupMenu(JMeterTreeNode.java:158)
	at org.apache.jmeter.gui.action.EditCommand.doAction(EditCommand.java:47)
	at org.apache.jmeter.gui.action.ActionRouter.performAction(ActionRouter.java:81)
	at org.apache.jmeter.gui.action.ActionRouter.access$0(ActionRouter.java:69)
	at org.apache.jmeter.gui.action.ActionRouter$1.run(ActionRouter.java:63)
	at java.awt.event.InvocationEvent.dispatch(Unknown Source)
	at java.awt.EventQueue.dispatchEvent(Unknown Source)
	at java.awt.EventDispatchThread.pumpOneEventForFilters(Unknown Source)
	at java.awt.EventDispatchThread.pumpEventsForFilter(Unknown Source)
	at java.awt.EventDispatchThread.pumpEventsForHierarchy(Unknown Source)
	at java.awt.EventDispatchThread.pumpEvents(Unknown Source)
	at java.awt.EventDispatchThread.pumpEvents(Unknown Source)
	at java.awt.EventDispatchThread.run(Unknown Source)

2017/02/05 16:59:25 WARN  - jmeter.gui.util.MenuFactory: Could not instantiate kg.apc.jmeter.config.LockFileGui java.lang.ClassNotFoundException: kg.apc.jmeter.config.LockFileGui
	at java.net.URLClassLoader$1.run(Unknown Source)
	at java.security.AccessController.doPrivileged(Native Method)
	at java.net.URLClassLoader.findClass(Unknown Source)
	at java.lang.ClassLoader.loadClass(Unknown Source)
	at sun.misc.Launcher$AppClassLoader.loadClass(Unknown Source)
	at java.lang.ClassLoader.loadClass(Unknown Source)
	at java.lang.ClassLoader.loadClassInternal(Unknown Source)
	at java.lang.Class.forName0(Native Method)
	at java.lang.Class.forName(Unknown Source)
	at org.apache.jmeter.gui.util.MenuFactory.initializeMenus(MenuFactory.java:484)
	at org.apache.jmeter.gui.util.MenuFactory.<clinit>(MenuFactory.java:160)
	at org.apache.jmeter.control.gui.WorkBenchGui.createPopupMenu(WorkBenchGui.java:119)
	at org.apache.jmeter.gui.tree.JMeterTreeNode.createPopupMenu(JMeterTreeNode.java:158)
	at org.apache.jmeter.gui.action.EditCommand.doAction(EditCommand.java:47)
	at org.apache.jmeter.gui.action.ActionRouter.performAction(ActionRouter.java:81)
	at org.apache.jmeter.gui.action.ActionRouter.access$0(ActionRouter.java:69)
	at org.apache.jmeter.gui.action.ActionRouter$1.run(ActionRouter.java:63)
	at java.awt.event.InvocationEvent.dispatch(Unknown Source)
	at java.awt.EventQueue.dispatchEvent(Unknown Source)
	at java.awt.EventDispatchThread.pumpOneEventForFilters(Unknown Source)
	at java.awt.EventDispatchThread.pumpEventsForFilter(Unknown Source)
	at java.awt.EventDispatchThread.pumpEventsForHierarchy(Unknown Source)
	at java.awt.EventDispatchThread.pumpEvents(Unknown Source)
	at java.awt.EventDispatchThread.pumpEvents(Unknown Source)
	at java.awt.EventDispatchThread.run(Unknown Source)

2017/02/05 16:59:25 WARN  - jmeter.gui.util.MenuFactory: Could not instantiate kg.apc.jmeter.config.VariablesFromCSVGui java.lang.ClassNotFoundException: kg.apc.jmeter.config.VariablesFromCSVGui
	at java.net.URLClassLoader$1.run(Unknown Source)
	at java.security.AccessController.doPrivileged(Native Method)
	at java.net.URLClassLoader.findClass(Unknown Source)
	at java.lang.ClassLoader.loadClass(Unknown Source)
	at sun.misc.Launcher$AppClassLoader.loadClass(Unknown Source)
	at java.lang.ClassLoader.loadClass(Unknown Source)
	at java.lang.ClassLoader.loadClassInternal(Unknown Source)
	at java.lang.Class.forName0(Native Method)
	at java.lang.Class.forName(Unknown Source)
	at org.apache.jmeter.gui.util.MenuFactory.initializeMenus(MenuFactory.java:484)
	at org.apache.jmeter.gui.util.MenuFactory.<clinit>(MenuFactory.java:160)
	at org.apache.jmeter.control.gui.WorkBenchGui.createPopupMenu(WorkBenchGui.java:119)
	at org.apache.jmeter.gui.tree.JMeterTreeNode.createPopupMenu(JMeterTreeNode.java:158)
	at org.apache.jmeter.gui.action.EditCommand.doAction(EditCommand.java:47)
	at org.apache.jmeter.gui.action.ActionRouter.performAction(ActionRouter.java:81)
	at org.apache.jmeter.gui.action.ActionRouter.access$0(ActionRouter.java:69)
	at org.apache.jmeter.gui.action.ActionRouter$1.run(ActionRouter.java:63)
	at java.awt.event.InvocationEvent.dispatch(Unknown Source)
	at java.awt.EventQueue.dispatchEvent(Unknown Source)
	at java.awt.EventDispatchThread.pumpOneEventForFilters(Unknown Source)
	at java.awt.EventDispatchThread.pumpEventsForFilter(Unknown Source)
	at java.awt.EventDispatchThread.pumpEventsForHierarchy(Unknown Source)
	at java.awt.EventDispatchThread.pumpEvents(Unknown Source)
	at java.awt.EventDispatchThread.pumpEvents(Unknown Source)
	at java.awt.EventDispatchThread.run(Unknown Source)

2017/02/05 16:59:25 WARN  - jmeter.gui.util.MenuFactory: Could not instantiate kg.apc.jmeter.config.redis.RedisDataSet java.lang.ClassNotFoundException: kg.apc.jmeter.config.redis.RedisDataSet
	at java.net.URLClassLoader$1.run(Unknown Source)
	at java.security.AccessController.doPrivileged(Native Method)
	at java.net.URLClassLoader.findClass(Unknown Source)
	at java.lang.ClassLoader.loadClass(Unknown Source)
	at sun.misc.Launcher$AppClassLoader.loadClass(Unknown Source)
	at java.lang.ClassLoader.loadClass(Unknown Source)
	at java.lang.ClassLoader.loadClassInternal(Unknown Source)
	at java.lang.Class.forName0(Native Method)
	at java.lang.Class.forName(Unknown Source)
	at org.apache.jmeter.gui.util.MenuFactory.initializeMenus(MenuFactory.java:484)
	at org.apache.jmeter.gui.util.MenuFactory.<clinit>(MenuFactory.java:160)
	at org.apache.jmeter.control.gui.WorkBenchGui.createPopupMenu(WorkBenchGui.java:119)
	at org.apache.jmeter.gui.tree.JMeterTreeNode.createPopupMenu(JMeterTreeNode.java:158)
	at org.apache.jmeter.gui.action.EditCommand.doAction(EditCommand.java:47)
	at org.apache.jmeter.gui.action.ActionRouter.performAction(ActionRouter.java:81)
	at org.apache.jmeter.gui.action.ActionRouter.access$0(ActionRouter.java:69)
	at org.apache.jmeter.gui.action.ActionRouter$1.run(ActionRouter.java:63)
	at java.awt.event.InvocationEvent.dispatch(Unknown Source)
	at java.awt.EventQueue.dispatchEvent(Unknown Source)
	at java.awt.EventDispatchThread.pumpOneEventForFilters(Unknown Source)
	at java.awt.EventDispatchThread.pumpEventsForFilter(Unknown Source)
	at java.awt.EventDispatchThread.pumpEventsForHierarchy(Unknown Source)
	at java.awt.EventDispatchThread.pumpEvents(Unknown Source)
	at java.awt.EventDispatchThread.pumpEvents(Unknown Source)
	at java.awt.EventDispatchThread.run(Unknown Source)

2017/02/05 16:59:25 WARN  - jmeter.gui.util.MenuFactory: Could not instantiate kg.apc.jmeter.control.ParameterizedControllerGui java.lang.ClassNotFoundException: kg.apc.jmeter.control.ParameterizedControllerGui
	at java.net.URLClassLoader$1.run(Unknown Source)
	at java.security.AccessController.doPrivileged(Native Method)
	at java.net.URLClassLoader.findClass(Unknown Source)
	at java.lang.ClassLoader.loadClass(Unknown Source)
	at sun.misc.Launcher$AppClassLoader.loadClass(Unknown Source)
	at java.lang.ClassLoader.loadClass(Unknown Source)
	at java.lang.ClassLoader.loadClassInternal(Unknown Source)
	at java.lang.Class.forName0(Native Method)
	at java.lang.Class.forName(Unknown Source)
	at org.apache.jmeter.gui.util.MenuFactory.initializeMenus(MenuFactory.java:484)
	at org.apache.jmeter.gui.util.MenuFactory.<clinit>(MenuFactory.java:160)
	at org.apache.jmeter.control.gui.WorkBenchGui.createPopupMenu(WorkBenchGui.java:119)
	at org.apache.jmeter.gui.tree.JMeterTreeNode.createPopupMenu(JMeterTreeNode.java:158)
	at org.apache.jmeter.gui.action.EditCommand.doAction(EditCommand.java:47)
	at org.apache.jmeter.gui.action.ActionRouter.performAction(ActionRouter.java:81)
	at org.apache.jmeter.gui.action.ActionRouter.access$0(ActionRouter.java:69)
	at org.apache.jmeter.gui.action.ActionRouter$1.run(ActionRouter.java:63)
	at java.awt.event.InvocationEvent.dispatch(Unknown Source)
	at java.awt.EventQueue.dispatchEvent(Unknown Source)
	at java.awt.EventDispatchThread.pumpOneEventForFilters(Unknown Source)
	at java.awt.EventDispatchThread.pumpEventsForFilter(Unknown Source)
	at java.awt.EventDispatchThread.pumpEventsForHierarchy(Unknown Source)
	at java.awt.EventDispatchThread.pumpEvents(Unknown Source)
	at java.awt.EventDispatchThread.pumpEvents(Unknown Source)
	at java.awt.EventDispatchThread.run(Unknown Source)

2017/02/05 16:59:25 WARN  - jmeter.gui.util.MenuFactory: Could not instantiate kg.apc.jmeter.listener.GraphsGeneratorListener java.lang.ClassNotFoundException: kg.apc.jmeter.listener.GraphsGeneratorListener
	at java.net.URLClassLoader$1.run(Unknown Source)
	at java.security.AccessController.doPrivileged(Native Method)
	at java.net.URLClassLoader.findClass(Unknown Source)
	at java.lang.ClassLoader.loadClass(Unknown Source)
	at sun.misc.Launcher$AppClassLoader.loadClass(Unknown Source)
	at java.lang.ClassLoader.loadClass(Unknown Source)
	at java.lang.ClassLoader.loadClassInternal(Unknown Source)
	at java.lang.Class.forName0(Native Method)
	at java.lang.Class.forName(Unknown Source)
	at org.apache.jmeter.gui.util.MenuFactory.initializeMenus(MenuFactory.java:484)
	at org.apache.jmeter.gui.util.MenuFactory.<clinit>(MenuFactory.java:160)
	at org.apache.jmeter.control.gui.WorkBenchGui.createPopupMenu(WorkBenchGui.java:119)
	at org.apache.jmeter.gui.tree.JMeterTreeNode.createPopupMenu(JMeterTreeNode.java:158)
	at org.apache.jmeter.gui.action.EditCommand.doAction(EditCommand.java:47)
	at org.apache.jmeter.gui.action.ActionRouter.performAction(ActionRouter.java:81)
	at org.apache.jmeter.gui.action.ActionRouter.access$0(ActionRouter.java:69)
	at org.apache.jmeter.gui.action.ActionRouter$1.run(ActionRouter.java:63)
	at java.awt.event.InvocationEvent.dispatch(Unknown Source)
	at java.awt.EventQueue.dispatchEvent(Unknown Source)
	at java.awt.EventDispatchThread.pumpOneEventForFilters(Unknown Source)
	at java.awt.EventDispatchThread.pumpEventsForFilter(Unknown Source)
	at java.awt.EventDispatchThread.pumpEventsForHierarchy(Unknown Source)
	at java.awt.EventDispatchThread.pumpEvents(Unknown Source)
	at java.awt.EventDispatchThread.pumpEvents(Unknown Source)
	at java.awt.EventDispatchThread.run(Unknown Source)

2017/02/05 16:59:25 WARN  - jmeter.gui.util.MenuFactory: Could not instantiate kg.apc.jmeter.modifiers.AnchorModifierGui java.lang.ClassNotFoundException: kg.apc.jmeter.modifiers.AnchorModifierGui
	at java.net.URLClassLoader$1.run(Unknown Source)
	at java.security.AccessController.doPrivileged(Native Method)
	at java.net.URLClassLoader.findClass(Unknown Source)
	at java.lang.ClassLoader.loadClass(Unknown Source)
	at sun.misc.Launcher$AppClassLoader.loadClass(Unknown Source)
	at java.lang.ClassLoader.loadClass(Unknown Source)
	at java.lang.ClassLoader.loadClassInternal(Unknown Source)
	at java.lang.Class.forName0(Native Method)
	at java.lang.Class.forName(Unknown Source)
	at org.apache.jmeter.gui.util.MenuFactory.initializeMenus(MenuFactory.java:484)
	at org.apache.jmeter.gui.util.MenuFactory.<clinit>(MenuFactory.java:160)
	at org.apache.jmeter.control.gui.WorkBenchGui.createPopupMenu(WorkBenchGui.java:119)
	at org.apache.jmeter.gui.tree.JMeterTreeNode.createPopupMenu(JMeterTreeNode.java:158)
	at org.apache.jmeter.gui.action.EditCommand.doAction(EditCommand.java:47)
	at org.apache.jmeter.gui.action.ActionRouter.performAction(ActionRouter.java:81)
	at org.apache.jmeter.gui.action.ActionRouter.access$0(ActionRouter.java:69)
	at org.apache.jmeter.gui.action.ActionRouter$1.run(ActionRouter.java:63)
	at java.awt.event.InvocationEvent.dispatch(Unknown Source)
	at java.awt.EventQueue.dispatchEvent(Unknown Source)
	at java.awt.EventDispatchThread.pumpOneEventForFilters(Unknown Source)
	at java.awt.EventDispatchThread.pumpEventsForFilter(Unknown Source)
	at java.awt.EventDispatchThread.pumpEventsForHierarchy(Unknown Source)
	at java.awt.EventDispatchThread.pumpEvents(Unknown Source)
	at java.awt.EventDispatchThread.pumpEvents(Unknown Source)
	at java.awt.EventDispatchThread.run(Unknown Source)

2017/02/05 16:59:25 WARN  - jmeter.gui.util.MenuFactory: Could not instantiate kg.apc.jmeter.modifiers.FifoPopPreProcessorGui java.lang.ClassNotFoundException: kg.apc.jmeter.modifiers.FifoPopPreProcessorGui
	at java.net.URLClassLoader$1.run(Unknown Source)
	at java.security.AccessController.doPrivileged(Native Method)
	at java.net.URLClassLoader.findClass(Unknown Source)
	at java.lang.ClassLoader.loadClass(Unknown Source)
	at sun.misc.Launcher$AppClassLoader.loadClass(Unknown Source)
	at java.lang.ClassLoader.loadClass(Unknown Source)
	at java.lang.ClassLoader.loadClassInternal(Unknown Source)
	at java.lang.Class.forName0(Native Method)
	at java.lang.Class.forName(Unknown Source)
	at org.apache.jmeter.gui.util.MenuFactory.initializeMenus(MenuFactory.java:484)
	at org.apache.jmeter.gui.util.MenuFactory.<clinit>(MenuFactory.java:160)
	at org.apache.jmeter.control.gui.WorkBenchGui.createPopupMenu(WorkBenchGui.java:119)
	at org.apache.jmeter.gui.tree.JMeterTreeNode.createPopupMenu(JMeterTreeNode.java:158)
	at org.apache.jmeter.gui.action.EditCommand.doAction(EditCommand.java:47)
	at org.apache.jmeter.gui.action.ActionRouter.performAction(ActionRouter.java:81)
	at org.apache.jmeter.gui.action.ActionRouter.access$0(ActionRouter.java:69)
	at org.apache.jmeter.gui.action.ActionRouter$1.run(ActionRouter.java:63)
	at java.awt.event.InvocationEvent.dispatch(Unknown Source)
	at java.awt.EventQueue.dispatchEvent(Unknown Source)
	at java.awt.EventDispatchThread.pumpOneEventForFilters(Unknown Source)
	at java.awt.EventDispatchThread.pumpEventsForFilter(Unknown Source)
	at java.awt.EventDispatchThread.pumpEventsForHierarchy(Unknown Source)
	at java.awt.EventDispatchThread.pumpEvents(Unknown Source)
	at java.awt.EventDispatchThread.pumpEvents(Unknown Source)
	at java.awt.EventDispatchThread.run(Unknown Source)

2017/02/05 16:59:25 WARN  - jmeter.gui.util.MenuFactory: Could not instantiate kg.apc.jmeter.modifiers.FifoPutPostProcessorGui java.lang.ClassNotFoundException: kg.apc.jmeter.modifiers.FifoPutPostProcessorGui
	at java.net.URLClassLoader$1.run(Unknown Source)
	at java.security.AccessController.doPrivileged(Native Method)
	at java.net.URLClassLoader.findClass(Unknown Source)
	at java.lang.ClassLoader.loadClass(Unknown Source)
	at sun.misc.Launcher$AppClassLoader.loadClass(Unknown Source)
	at java.lang.ClassLoader.loadClass(Unknown Source)
	at java.lang.ClassLoader.loadClassInternal(Unknown Source)
	at java.lang.Class.forName0(Native Method)
	at java.lang.Class.forName(Unknown Source)
	at org.apache.jmeter.gui.util.MenuFactory.initializeMenus(MenuFactory.java:484)
	at org.apache.jmeter.gui.util.MenuFactory.<clinit>(MenuFactory.java:160)
	at org.apache.jmeter.control.gui.WorkBenchGui.createPopupMenu(WorkBenchGui.java:119)
	at org.apache.jmeter.gui.tree.JMeterTreeNode.createPopupMenu(JMeterTreeNode.java:158)
	at org.apache.jmeter.gui.action.EditCommand.doAction(EditCommand.java:47)
	at org.apache.jmeter.gui.action.ActionRouter.performAction(ActionRouter.java:81)
	at org.apache.jmeter.gui.action.ActionRouter.access$0(ActionRouter.java:69)
	at org.apache.jmeter.gui.action.ActionRouter$1.run(ActionRouter.java:63)
	at java.awt.event.InvocationEvent.dispatch(Unknown Source)
	at java.awt.EventQueue.dispatchEvent(Unknown Source)
	at java.awt.EventDispatchThread.pumpOneEventForFilters(Unknown Source)
	at java.awt.EventDispatchThread.pumpEventsForFilter(Unknown Source)
	at java.awt.EventDispatchThread.pumpEventsForHierarchy(Unknown Source)
	at java.awt.EventDispatchThread.pumpEvents(Unknown Source)
	at java.awt.EventDispatchThread.pumpEvents(Unknown Source)
	at java.awt.EventDispatchThread.run(Unknown Source)

2017/02/05 16:59:25 WARN  - jmeter.gui.util.MenuFactory: Could not instantiate kg.apc.jmeter.modifiers.RawRequestSourcePreProcessorGui java.lang.ClassNotFoundException: kg.apc.jmeter.modifiers.RawRequestSourcePreProcessorGui
	at java.net.URLClassLoader$1.run(Unknown Source)
	at java.security.AccessController.doPrivileged(Native Method)
	at java.net.URLClassLoader.findClass(Unknown Source)
	at java.lang.ClassLoader.loadClass(Unknown Source)
	at sun.misc.Launcher$AppClassLoader.loadClass(Unknown Source)
	at java.lang.ClassLoader.loadClass(Unknown Source)
	at java.lang.ClassLoader.loadClassInternal(Unknown Source)
	at java.lang.Class.forName0(Native Method)
	at java.lang.Class.forName(Unknown Source)
	at org.apache.jmeter.gui.util.MenuFactory.initializeMenus(MenuFactory.java:484)
	at org.apache.jmeter.gui.util.MenuFactory.<clinit>(MenuFactory.java:160)
	at org.apache.jmeter.control.gui.WorkBenchGui.createPopupMenu(WorkBenchGui.java:119)
	at org.apache.jmeter.gui.tree.JMeterTreeNode.createPopupMenu(JMeterTreeNode.java:158)
	at org.apache.jmeter.gui.action.EditCommand.doAction(EditCommand.java:47)
	at org.apache.jmeter.gui.action.ActionRouter.performAction(ActionRouter.java:81)
	at org.apache.jmeter.gui.action.ActionRouter.access$0(ActionRouter.java:69)
	at org.apache.jmeter.gui.action.ActionRouter$1.run(ActionRouter.java:63)
	at java.awt.event.InvocationEvent.dispatch(Unknown Source)
	at java.awt.EventQueue.dispatchEvent(Unknown Source)
	at java.awt.EventDispatchThread.pumpOneEventForFilters(Unknown Source)
	at java.awt.EventDispatchThread.pumpEventsForFilter(Unknown Source)
	at java.awt.EventDispatchThread.pumpEventsForHierarchy(Unknown Source)
	at java.awt.EventDispatchThread.pumpEvents(Unknown Source)
	at java.awt.EventDispatchThread.pumpEvents(Unknown Source)
	at java.awt.EventDispatchThread.run(Unknown Source)

2017/02/05 16:59:25 WARN  - jmeter.gui.util.MenuFactory: Could not instantiate kg.apc.jmeter.reporters.AutoStopGui java.lang.ClassNotFoundException: kg.apc.jmeter.reporters.AutoStopGui
	at java.net.URLClassLoader$1.run(Unknown Source)
	at java.security.AccessController.doPrivileged(Native Method)
	at java.net.URLClassLoader.findClass(Unknown Source)
	at java.lang.ClassLoader.loadClass(Unknown Source)
	at sun.misc.Launcher$AppClassLoader.loadClass(Unknown Source)
	at java.lang.ClassLoader.loadClass(Unknown Source)
	at java.lang.ClassLoader.loadClassInternal(Unknown Source)
	at java.lang.Class.forName0(Native Method)
	at java.lang.Class.forName(Unknown Source)
	at org.apache.jmeter.gui.util.MenuFactory.initializeMenus(MenuFactory.java:484)
	at org.apache.jmeter.gui.util.MenuFactory.<clinit>(MenuFactory.java:160)
	at org.apache.jmeter.control.gui.WorkBenchGui.createPopupMenu(WorkBenchGui.java:119)
	at org.apache.jmeter.gui.tree.JMeterTreeNode.createPopupMenu(JMeterTreeNode.java:158)
	at org.apache.jmeter.gui.action.EditCommand.doAction(EditCommand.java:47)
	at org.apache.jmeter.gui.action.ActionRouter.performAction(ActionRouter.java:81)
	at org.apache.jmeter.gui.action.ActionRouter.access$0(ActionRouter.java:69)
	at org.apache.jmeter.gui.action.ActionRouter$1.run(ActionRouter.java:63)
	at java.awt.event.InvocationEvent.dispatch(Unknown Source)
	at java.awt.EventQueue.dispatchEvent(Unknown Source)
	at java.awt.EventDispatchThread.pumpOneEventForFilters(Unknown Source)
	at java.awt.EventDispatchThread.pumpEventsForFilter(Unknown Source)
	at java.awt.EventDispatchThread.pumpEventsForHierarchy(Unknown Source)
	at java.awt.EventDispatchThread.pumpEvents(Unknown Source)
	at java.awt.EventDispatchThread.pumpEvents(Unknown Source)
	at java.awt.EventDispatchThread.run(Unknown Source)

2017/02/05 16:59:25 WARN  - jmeter.gui.util.MenuFactory: Could not instantiate kg.apc.jmeter.reporters.ConsoleStatusLoggerGui java.lang.ClassNotFoundException: kg.apc.jmeter.reporters.ConsoleStatusLoggerGui
	at java.net.URLClassLoader$1.run(Unknown Source)
	at java.security.AccessController.doPrivileged(Native Method)
	at java.net.URLClassLoader.findClass(Unknown Source)
	at java.lang.ClassLoader.loadClass(Unknown Source)
	at sun.misc.Launcher$AppClassLoader.loadClass(Unknown Source)
	at java.lang.ClassLoader.loadClass(Unknown Source)
	at java.lang.ClassLoader.loadClassInternal(Unknown Source)
	at java.lang.Class.forName0(Native Method)
	at java.lang.Class.forName(Unknown Source)
	at org.apache.jmeter.gui.util.MenuFactory.initializeMenus(MenuFactory.java:484)
	at org.apache.jmeter.gui.util.MenuFactory.<clinit>(MenuFactory.java:160)
	at org.apache.jmeter.control.gui.WorkBenchGui.createPopupMenu(WorkBenchGui.java:119)
	at org.apache.jmeter.gui.tree.JMeterTreeNode.createPopupMenu(JMeterTreeNode.java:158)
	at org.apache.jmeter.gui.action.EditCommand.doAction(EditCommand.java:47)
	at org.apache.jmeter.gui.action.ActionRouter.performAction(ActionRouter.java:81)
	at org.apache.jmeter.gui.action.ActionRouter.access$0(ActionRouter.java:69)
	at org.apache.jmeter.gui.action.ActionRouter$1.run(ActionRouter.java:63)
	at java.awt.event.InvocationEvent.dispatch(Unknown Source)
	at java.awt.EventQueue.dispatchEvent(Unknown Source)
	at java.awt.EventDispatchThread.pumpOneEventForFilters(Unknown Source)
	at java.awt.EventDispatchThread.pumpEventsForFilter(Unknown Source)
	at java.awt.EventDispatchThread.pumpEventsForHierarchy(Unknown Source)
	at java.awt.EventDispatchThread.pumpEvents(Unknown Source)
	at java.awt.EventDispatchThread.pumpEvents(Unknown Source)
	at java.awt.EventDispatchThread.run(Unknown Source)

2017/02/05 16:59:25 WARN  - jmeter.gui.util.MenuFactory: Could not instantiate kg.apc.jmeter.reporters.FlexibleFileWriterGui java.lang.ClassNotFoundException: kg.apc.jmeter.reporters.FlexibleFileWriterGui
	at java.net.URLClassLoader$1.run(Unknown Source)
	at java.security.AccessController.doPrivileged(Native Method)
	at java.net.URLClassLoader.findClass(Unknown Source)
	at java.lang.ClassLoader.loadClass(Unknown Source)
	at sun.misc.Launcher$AppClassLoader.loadClass(Unknown Source)
	at java.lang.ClassLoader.loadClass(Unknown Source)
	at java.lang.ClassLoader.loadClassInternal(Unknown Source)
	at java.lang.Class.forName0(Native Method)
	at java.lang.Class.forName(Unknown Source)
	at org.apache.jmeter.gui.util.MenuFactory.initializeMenus(MenuFactory.java:484)
	at org.apache.jmeter.gui.util.MenuFactory.<clinit>(MenuFactory.java:160)
	at org.apache.jmeter.control.gui.WorkBenchGui.createPopupMenu(WorkBenchGui.java:119)
	at org.apache.jmeter.gui.tree.JMeterTreeNode.createPopupMenu(JMeterTreeNode.java:158)
	at org.apache.jmeter.gui.action.EditCommand.doAction(EditCommand.java:47)
	at org.apache.jmeter.gui.action.ActionRouter.performAction(ActionRouter.java:81)
	at org.apache.jmeter.gui.action.ActionRouter.access$0(ActionRouter.java:69)
	at org.apache.jmeter.gui.action.ActionRouter$1.run(ActionRouter.java:63)
	at java.awt.event.InvocationEvent.dispatch(Unknown Source)
	at java.awt.EventQueue.dispatchEvent(Unknown Source)
	at java.awt.EventDispatchThread.pumpOneEventForFilters(Unknown Source)
	at java.awt.EventDispatchThread.pumpEventsForFilter(Unknown Source)
	at java.awt.EventDispatchThread.pumpEventsForHierarchy(Unknown Source)
	at java.awt.EventDispatchThread.pumpEvents(Unknown Source)
	at java.awt.EventDispatchThread.pumpEvents(Unknown Source)
	at java.awt.EventDispatchThread.run(Unknown Source)

2017/02/05 16:59:25 WARN  - jmeter.gui.util.MenuFactory: Could not instantiate kg.apc.jmeter.reporters.LoadosophiaUploaderGui java.lang.ClassNotFoundException: kg.apc.jmeter.reporters.LoadosophiaUploaderGui
	at java.net.URLClassLoader$1.run(Unknown Source)
	at java.security.AccessController.doPrivileged(Native Method)
	at java.net.URLClassLoader.findClass(Unknown Source)
	at java.lang.ClassLoader.loadClass(Unknown Source)
	at sun.misc.Launcher$AppClassLoader.loadClass(Unknown Source)
	at java.lang.ClassLoader.loadClass(Unknown Source)
	at java.lang.ClassLoader.loadClassInternal(Unknown Source)
	at java.lang.Class.forName0(Native Method)
	at java.lang.Class.forName(Unknown Source)
	at org.apache.jmeter.gui.util.MenuFactory.initializeMenus(MenuFactory.java:484)
	at org.apache.jmeter.gui.util.MenuFactory.<clinit>(MenuFactory.java:160)
	at org.apache.jmeter.control.gui.WorkBenchGui.createPopupMenu(WorkBenchGui.java:119)
	at org.apache.jmeter.gui.tree.JMeterTreeNode.createPopupMenu(JMeterTreeNode.java:158)
	at org.apache.jmeter.gui.action.EditCommand.doAction(EditCommand.java:47)
	at org.apache.jmeter.gui.action.ActionRouter.performAction(ActionRouter.java:81)
	at org.apache.jmeter.gui.action.ActionRouter.access$0(ActionRouter.java:69)
	at org.apache.jmeter.gui.action.ActionRouter$1.run(ActionRouter.java:63)
	at java.awt.event.InvocationEvent.dispatch(Unknown Source)
	at java.awt.EventQueue.dispatchEvent(Unknown Source)
	at java.awt.EventDispatchThread.pumpOneEventForFilters(Unknown Source)
	at java.awt.EventDispatchThread.pumpEventsForFilter(Unknown Source)
	at java.awt.EventDispatchThread.pumpEventsForHierarchy(Unknown Source)
	at java.awt.EventDispatchThread.pumpEvents(Unknown Source)
	at java.awt.EventDispatchThread.pumpEvents(Unknown Source)
	at java.awt.EventDispatchThread.run(Unknown Source)

2017/02/05 16:59:25 WARN  - jmeter.gui.util.MenuFactory: Could not instantiate kg.apc.jmeter.samplers.DummySamplerGui java.lang.ClassNotFoundException: kg.apc.jmeter.samplers.DummySamplerGui
	at java.net.URLClassLoader$1.run(Unknown Source)
	at java.security.AccessController.doPrivileged(Native Method)
	at java.net.URLClassLoader.findClass(Unknown Source)
	at java.lang.ClassLoader.loadClass(Unknown Source)
	at sun.misc.Launcher$AppClassLoader.loadClass(Unknown Source)
	at java.lang.ClassLoader.loadClass(Unknown Source)
	at java.lang.ClassLoader.loadClassInternal(Unknown Source)
	at java.lang.Class.forName0(Native Method)
	at java.lang.Class.forName(Unknown Source)
	at org.apache.jmeter.gui.util.MenuFactory.initializeMenus(MenuFactory.java:484)
	at org.apache.jmeter.gui.util.MenuFactory.<clinit>(MenuFactory.java:160)
	at org.apache.jmeter.control.gui.WorkBenchGui.createPopupMenu(WorkBenchGui.java:119)
	at org.apache.jmeter.gui.tree.JMeterTreeNode.createPopupMenu(JMeterTreeNode.java:158)
	at org.apache.jmeter.gui.action.EditCommand.doAction(EditCommand.java:47)
	at org.apache.jmeter.gui.action.ActionRouter.performAction(ActionRouter.java:81)
	at org.apache.jmeter.gui.action.ActionRouter.access$0(ActionRouter.java:69)
	at org.apache.jmeter.gui.action.ActionRouter$1.run(ActionRouter.java:63)
	at java.awt.event.InvocationEvent.dispatch(Unknown Source)
	at java.awt.EventQueue.dispatchEvent(Unknown Source)
	at java.awt.EventDispatchThread.pumpOneEventForFilters(Unknown Source)
	at java.awt.EventDispatchThread.pumpEventsForFilter(Unknown Source)
	at java.awt.EventDispatchThread.pumpEventsForHierarchy(Unknown Source)
	at java.awt.EventDispatchThread.pumpEvents(Unknown Source)
	at java.awt.EventDispatchThread.pumpEvents(Unknown Source)
	at java.awt.EventDispatchThread.run(Unknown Source)

2017/02/05 16:59:25 WARN  - jmeter.gui.util.MenuFactory: Could not instantiate kg.apc.jmeter.samplers.HTTPRawSamplerGui java.lang.ClassNotFoundException: kg.apc.jmeter.samplers.HTTPRawSamplerGui
	at java.net.URLClassLoader$1.run(Unknown Source)
	at java.security.AccessController.doPrivileged(Native Method)
	at java.net.URLClassLoader.findClass(Unknown Source)
	at java.lang.ClassLoader.loadClass(Unknown Source)
	at sun.misc.Launcher$AppClassLoader.loadClass(Unknown Source)
	at java.lang.ClassLoader.loadClass(Unknown Source)
	at java.lang.ClassLoader.loadClassInternal(Unknown Source)
	at java.lang.Class.forName0(Native Method)
	at java.lang.Class.forName(Unknown Source)
	at org.apache.jmeter.gui.util.MenuFactory.initializeMenus(MenuFactory.java:484)
	at org.apache.jmeter.gui.util.MenuFactory.<clinit>(MenuFactory.java:160)
	at org.apache.jmeter.control.gui.WorkBenchGui.createPopupMenu(WorkBenchGui.java:119)
	at org.apache.jmeter.gui.tree.JMeterTreeNode.createPopupMenu(JMeterTreeNode.java:158)
	at org.apache.jmeter.gui.action.EditCommand.doAction(EditCommand.java:47)
	at org.apache.jmeter.gui.action.ActionRouter.performAction(ActionRouter.java:81)
	at org.apache.jmeter.gui.action.ActionRouter.access$0(ActionRouter.java:69)
	at org.apache.jmeter.gui.action.ActionRouter$1.run(ActionRouter.java:63)
	at java.awt.event.InvocationEvent.dispatch(Unknown Source)
	at java.awt.EventQueue.dispatchEvent(Unknown Source)
	at java.awt.EventDispatchThread.pumpOneEventForFilters(Unknown Source)
	at java.awt.EventDispatchThread.pumpEventsForFilter(Unknown Source)
	at java.awt.EventDispatchThread.pumpEventsForHierarchy(Unknown Source)
	at java.awt.EventDispatchThread.pumpEvents(Unknown Source)
	at java.awt.EventDispatchThread.pumpEvents(Unknown Source)
	at java.awt.EventDispatchThread.run(Unknown Source)

2017/02/05 16:59:25 WARN  - jmeter.gui.util.MenuFactory: Could not instantiate kg.apc.jmeter.samplers.UDPSamplerGui java.lang.ClassNotFoundException: kg.apc.jmeter.samplers.UDPSamplerGui
	at java.net.URLClassLoader$1.run(Unknown Source)
	at java.security.AccessController.doPrivileged(Native Method)
	at java.net.URLClassLoader.findClass(Unknown Source)
	at java.lang.ClassLoader.loadClass(Unknown Source)
	at sun.misc.Launcher$AppClassLoader.loadClass(Unknown Source)
	at java.lang.ClassLoader.loadClass(Unknown Source)
	at java.lang.ClassLoader.loadClassInternal(Unknown Source)
	at java.lang.Class.forName0(Native Method)
	at java.lang.Class.forName(Unknown Source)
	at org.apache.jmeter.gui.util.MenuFactory.initializeMenus(MenuFactory.java:484)
	at org.apache.jmeter.gui.util.MenuFactory.<clinit>(MenuFactory.java:160)
	at org.apache.jmeter.control.gui.WorkBenchGui.createPopupMenu(WorkBenchGui.java:119)
	at org.apache.jmeter.gui.tree.JMeterTreeNode.createPopupMenu(JMeterTreeNode.java:158)
	at org.apache.jmeter.gui.action.EditCommand.doAction(EditCommand.java:47)
	at org.apache.jmeter.gui.action.ActionRouter.performAction(ActionRouter.java:81)
	at org.apache.jmeter.gui.action.ActionRouter.access$0(ActionRouter.java:69)
	at org.apache.jmeter.gui.action.ActionRouter$1.run(ActionRouter.java:63)
	at java.awt.event.InvocationEvent.dispatch(Unknown Source)
	at java.awt.EventQueue.dispatchEvent(Unknown Source)
	at java.awt.EventDispatchThread.pumpOneEventForFilters(Unknown Source)
	at java.awt.EventDispatchThread.pumpEventsForFilter(Unknown Source)
	at java.awt.EventDispatchThread.pumpEventsForHierarchy(Unknown Source)
	at java.awt.EventDispatchThread.pumpEvents(Unknown Source)
	at java.awt.EventDispatchThread.pumpEvents(Unknown Source)
	at java.awt.EventDispatchThread.run(Unknown Source)

2017/02/05 16:59:25 WARN  - jmeter.gui.util.MenuFactory: Could not instantiate kg.apc.jmeter.threads.SteppingThreadGroupGui java.lang.ClassNotFoundException: kg.apc.jmeter.threads.SteppingThreadGroupGui
	at java.net.URLClassLoader$1.run(Unknown Source)
	at java.security.AccessController.doPrivileged(Native Method)
	at java.net.URLClassLoader.findClass(Unknown Source)
	at java.lang.ClassLoader.loadClass(Unknown Source)
	at sun.misc.Launcher$AppClassLoader.loadClass(Unknown Source)
	at java.lang.ClassLoader.loadClass(Unknown Source)
	at java.lang.ClassLoader.loadClassInternal(Unknown Source)
	at java.lang.Class.forName0(Native Method)
	at java.lang.Class.forName(Unknown Source)
	at org.apache.jmeter.gui.util.MenuFactory.initializeMenus(MenuFactory.java:484)
	at org.apache.jmeter.gui.util.MenuFactory.<clinit>(MenuFactory.java:160)
	at org.apache.jmeter.control.gui.WorkBenchGui.createPopupMenu(WorkBenchGui.java:119)
	at org.apache.jmeter.gui.tree.JMeterTreeNode.createPopupMenu(JMeterTreeNode.java:158)
	at org.apache.jmeter.gui.action.EditCommand.doAction(EditCommand.java:47)
	at org.apache.jmeter.gui.action.ActionRouter.performAction(ActionRouter.java:81)
	at org.apache.jmeter.gui.action.ActionRouter.access$0(ActionRouter.java:69)
	at org.apache.jmeter.gui.action.ActionRouter$1.run(ActionRouter.java:63)
	at java.awt.event.InvocationEvent.dispatch(Unknown Source)
	at java.awt.EventQueue.dispatchEvent(Unknown Source)
	at java.awt.EventDispatchThread.pumpOneEventForFilters(Unknown Source)
	at java.awt.EventDispatchThread.pumpEventsForFilter(Unknown Source)
	at java.awt.EventDispatchThread.pumpEventsForHierarchy(Unknown Source)
	at java.awt.EventDispatchThread.pumpEvents(Unknown Source)
	at java.awt.EventDispatchThread.pumpEvents(Unknown Source)
	at java.awt.EventDispatchThread.run(Unknown Source)

2017/02/05 16:59:25 WARN  - jmeter.gui.util.MenuFactory: Could not instantiate kg.apc.jmeter.threads.UltimateThreadGroupGui java.lang.ClassNotFoundException: kg.apc.jmeter.threads.UltimateThreadGroupGui
	at java.net.URLClassLoader$1.run(Unknown Source)
	at java.security.AccessController.doPrivileged(Native Method)
	at java.net.URLClassLoader.findClass(Unknown Source)
	at java.lang.ClassLoader.loadClass(Unknown Source)
	at sun.misc.Launcher$AppClassLoader.loadClass(Unknown Source)
	at java.lang.ClassLoader.loadClass(Unknown Source)
	at java.lang.ClassLoader.loadClassInternal(Unknown Source)
	at java.lang.Class.forName0(Native Method)
	at java.lang.Class.forName(Unknown Source)
	at org.apache.jmeter.gui.util.MenuFactory.initializeMenus(MenuFactory.java:484)
	at org.apache.jmeter.gui.util.MenuFactory.<clinit>(MenuFactory.java:160)
	at org.apache.jmeter.control.gui.WorkBenchGui.createPopupMenu(WorkBenchGui.java:119)
	at org.apache.jmeter.gui.tree.JMeterTreeNode.createPopupMenu(JMeterTreeNode.java:158)
	at org.apache.jmeter.gui.action.EditCommand.doAction(EditCommand.java:47)
	at org.apache.jmeter.gui.action.ActionRouter.performAction(ActionRouter.java:81)
	at org.apache.jmeter.gui.action.ActionRouter.access$0(ActionRouter.java:69)
	at org.apache.jmeter.gui.action.ActionRouter$1.run(ActionRouter.java:63)
	at java.awt.event.InvocationEvent.dispatch(Unknown Source)
	at java.awt.EventQueue.dispatchEvent(Unknown Source)
	at java.awt.EventDispatchThread.pumpOneEventForFilters(Unknown Source)
	at java.awt.EventDispatchThread.pumpEventsForFilter(Unknown Source)
	at java.awt.EventDispatchThread.pumpEventsForHierarchy(Unknown Source)
	at java.awt.EventDispatchThread.pumpEvents(Unknown Source)
	at java.awt.EventDispatchThread.pumpEvents(Unknown Source)
	at java.awt.EventDispatchThread.run(Unknown Source)

2017/02/05 16:59:25 WARN  - jmeter.gui.util.MenuFactory: Could not instantiate kg.apc.jmeter.timers.VariableThroughputTimerGui java.lang.ClassNotFoundException: kg.apc.jmeter.timers.VariableThroughputTimerGui
	at java.net.URLClassLoader$1.run(Unknown Source)
	at java.security.AccessController.doPrivileged(Native Method)
	at java.net.URLClassLoader.findClass(Unknown Source)
	at java.lang.ClassLoader.loadClass(Unknown Source)
	at sun.misc.Launcher$AppClassLoader.loadClass(Unknown Source)
	at java.lang.ClassLoader.loadClass(Unknown Source)
	at java.lang.ClassLoader.loadClassInternal(Unknown Source)
	at java.lang.Class.forName0(Native Method)
	at java.lang.Class.forName(Unknown Source)
	at org.apache.jmeter.gui.util.MenuFactory.initializeMenus(MenuFactory.java:484)
	at org.apache.jmeter.gui.util.MenuFactory.<clinit>(MenuFactory.java:160)
	at org.apache.jmeter.control.gui.WorkBenchGui.createPopupMenu(WorkBenchGui.java:119)
	at org.apache.jmeter.gui.tree.JMeterTreeNode.createPopupMenu(JMeterTreeNode.java:158)
	at org.apache.jmeter.gui.action.EditCommand.doAction(EditCommand.java:47)
	at org.apache.jmeter.gui.action.ActionRouter.performAction(ActionRouter.java:81)
	at org.apache.jmeter.gui.action.ActionRouter.access$0(ActionRouter.java:69)
	at org.apache.jmeter.gui.action.ActionRouter$1.run(ActionRouter.java:63)
	at java.awt.event.InvocationEvent.dispatch(Unknown Source)
	at java.awt.EventQueue.dispatchEvent(Unknown Source)
	at java.awt.EventDispatchThread.pumpOneEventForFilters(Unknown Source)
	at java.awt.EventDispatchThread.pumpEventsForFilter(Unknown Source)
	at java.awt.EventDispatchThread.pumpEventsForHierarchy(Unknown Source)
	at java.awt.EventDispatchThread.pumpEvents(Unknown Source)
	at java.awt.EventDispatchThread.pumpEvents(Unknown Source)
	at java.awt.EventDispatchThread.run(Unknown Source)

2017/02/05 16:59:25 WARN  - jmeter.gui.util.MenuFactory: Could not instantiate kg.apc.jmeter.vizualizers.AggregateReportGui java.lang.ClassNotFoundException: kg.apc.jmeter.vizualizers.AggregateReportGui
	at java.net.URLClassLoader$1.run(Unknown Source)
	at java.security.AccessController.doPrivileged(Native Method)
	at java.net.URLClassLoader.findClass(Unknown Source)
	at java.lang.ClassLoader.loadClass(Unknown Source)
	at sun.misc.Launcher$AppClassLoader.loadClass(Unknown Source)
	at java.lang.ClassLoader.loadClass(Unknown Source)
	at java.lang.ClassLoader.loadClassInternal(Unknown Source)
	at java.lang.Class.forName0(Native Method)
	at java.lang.Class.forName(Unknown Source)
	at org.apache.jmeter.gui.util.MenuFactory.initializeMenus(MenuFactory.java:484)
	at org.apache.jmeter.gui.util.MenuFactory.<clinit>(MenuFactory.java:160)
	at org.apache.jmeter.control.gui.WorkBenchGui.createPopupMenu(WorkBenchGui.java:119)
	at org.apache.jmeter.gui.tree.JMeterTreeNode.createPopupMenu(JMeterTreeNode.java:158)
	at org.apache.jmeter.gui.action.EditCommand.doAction(EditCommand.java:47)
	at org.apache.jmeter.gui.action.ActionRouter.performAction(ActionRouter.java:81)
	at org.apache.jmeter.gui.action.ActionRouter.access$0(ActionRouter.java:69)
	at org.apache.jmeter.gui.action.ActionRouter$1.run(ActionRouter.java:63)
	at java.awt.event.InvocationEvent.dispatch(Unknown Source)
	at java.awt.EventQueue.dispatchEvent(Unknown Source)
	at java.awt.EventDispatchThread.pumpOneEventForFilters(Unknown Source)
	at java.awt.EventDispatchThread.pumpEventsForFilter(Unknown Source)
	at java.awt.EventDispatchThread.pumpEventsForHierarchy(Unknown Source)
	at java.awt.EventDispatchThread.pumpEvents(Unknown Source)
	at java.awt.EventDispatchThread.pumpEvents(Unknown Source)
	at java.awt.EventDispatchThread.run(Unknown Source)

2017/02/05 16:59:25 WARN  - jmeter.gui.util.MenuFactory: Could not instantiate kg.apc.jmeter.vizualizers.BytesThroughputOverTimeGui java.lang.ClassNotFoundException: kg.apc.jmeter.vizualizers.BytesThroughputOverTimeGui
	at java.net.URLClassLoader$1.run(Unknown Source)
	at java.security.AccessController.doPrivileged(Native Method)
	at java.net.URLClassLoader.findClass(Unknown Source)
	at java.lang.ClassLoader.loadClass(Unknown Source)
	at sun.misc.Launcher$AppClassLoader.loadClass(Unknown Source)
	at java.lang.ClassLoader.loadClass(Unknown Source)
	at java.lang.ClassLoader.loadClassInternal(Unknown Source)
	at java.lang.Class.forName0(Native Method)
	at java.lang.Class.forName(Unknown Source)
	at org.apache.jmeter.gui.util.MenuFactory.initializeMenus(MenuFactory.java:484)
	at org.apache.jmeter.gui.util.MenuFactory.<clinit>(MenuFactory.java:160)
	at org.apache.jmeter.control.gui.WorkBenchGui.createPopupMenu(WorkBenchGui.java:119)
	at org.apache.jmeter.gui.tree.JMeterTreeNode.createPopupMenu(JMeterTreeNode.java:158)
	at org.apache.jmeter.gui.action.EditCommand.doAction(EditCommand.java:47)
	at org.apache.jmeter.gui.action.ActionRouter.performAction(ActionRouter.java:81)
	at org.apache.jmeter.gui.action.ActionRouter.access$0(ActionRouter.java:69)
	at org.apache.jmeter.gui.action.ActionRouter$1.run(ActionRouter.java:63)
	at java.awt.event.InvocationEvent.dispatch(Unknown Source)
	at java.awt.EventQueue.dispatchEvent(Unknown Source)
	at java.awt.EventDispatchThread.pumpOneEventForFilters(Unknown Source)
	at java.awt.EventDispatchThread.pumpEventsForFilter(Unknown Source)
	at java.awt.EventDispatchThread.pumpEventsForHierarchy(Unknown Source)
	at java.awt.EventDispatchThread.pumpEvents(Unknown Source)
	at java.awt.EventDispatchThread.pumpEvents(Unknown Source)
	at java.awt.EventDispatchThread.run(Unknown Source)

2017/02/05 16:59:25 WARN  - jmeter.gui.util.MenuFactory: Could not instantiate kg.apc.jmeter.vizualizers.CompositeGraphGui java.lang.ClassNotFoundException: kg.apc.jmeter.vizualizers.CompositeGraphGui
	at java.net.URLClassLoader$1.run(Unknown Source)
	at java.security.AccessController.doPrivileged(Native Method)
	at java.net.URLClassLoader.findClass(Unknown Source)
	at java.lang.ClassLoader.loadClass(Unknown Source)
	at sun.misc.Launcher$AppClassLoader.loadClass(Unknown Source)
	at java.lang.ClassLoader.loadClass(Unknown Source)
	at java.lang.ClassLoader.loadClassInternal(Unknown Source)
	at java.lang.Class.forName0(Native Method)
	at java.lang.Class.forName(Unknown Source)
	at org.apache.jmeter.gui.util.MenuFactory.initializeMenus(MenuFactory.java:484)
	at org.apache.jmeter.gui.util.MenuFactory.<clinit>(MenuFactory.java:160)
	at org.apache.jmeter.control.gui.WorkBenchGui.createPopupMenu(WorkBenchGui.java:119)
	at org.apache.jmeter.gui.tree.JMeterTreeNode.createPopupMenu(JMeterTreeNode.java:158)
	at org.apache.jmeter.gui.action.EditCommand.doAction(EditCommand.java:47)
	at org.apache.jmeter.gui.action.ActionRouter.performAction(ActionRouter.java:81)
	at org.apache.jmeter.gui.action.ActionRouter.access$0(ActionRouter.java:69)
	at org.apache.jmeter.gui.action.ActionRouter$1.run(ActionRouter.java:63)
	at java.awt.event.InvocationEvent.dispatch(Unknown Source)
	at java.awt.EventQueue.dispatchEvent(Unknown Source)
	at java.awt.EventDispatchThread.pumpOneEventForFilters(Unknown Source)
	at java.awt.EventDispatchThread.pumpEventsForFilter(Unknown Source)
	at java.awt.EventDispatchThread.pumpEventsForHierarchy(Unknown Source)
	at java.awt.EventDispatchThread.pumpEvents(Unknown Source)
	at java.awt.EventDispatchThread.pumpEvents(Unknown Source)
	at java.awt.EventDispatchThread.run(Unknown Source)

2017/02/05 16:59:25 WARN  - jmeter.gui.util.MenuFactory: Could not instantiate kg.apc.jmeter.vizualizers.DbMonGui java.lang.ClassNotFoundException: kg.apc.jmeter.vizualizers.DbMonGui
	at java.net.URLClassLoader$1.run(Unknown Source)
	at java.security.AccessController.doPrivileged(Native Method)
	at java.net.URLClassLoader.findClass(Unknown Source)
	at java.lang.ClassLoader.loadClass(Unknown Source)
	at sun.misc.Launcher$AppClassLoader.loadClass(Unknown Source)
	at java.lang.ClassLoader.loadClass(Unknown Source)
	at java.lang.ClassLoader.loadClassInternal(Unknown Source)
	at java.lang.Class.forName0(Native Method)
	at java.lang.Class.forName(Unknown Source)
	at org.apache.jmeter.gui.util.MenuFactory.initializeMenus(MenuFactory.java:484)
	at org.apache.jmeter.gui.util.MenuFactory.<clinit>(MenuFactory.java:160)
	at org.apache.jmeter.control.gui.WorkBenchGui.createPopupMenu(WorkBenchGui.java:119)
	at org.apache.jmeter.gui.tree.JMeterTreeNode.createPopupMenu(JMeterTreeNode.java:158)
	at org.apache.jmeter.gui.action.EditCommand.doAction(EditCommand.java:47)
	at org.apache.jmeter.gui.action.ActionRouter.performAction(ActionRouter.java:81)
	at org.apache.jmeter.gui.action.ActionRouter.access$0(ActionRouter.java:69)
	at org.apache.jmeter.gui.action.ActionRouter$1.run(ActionRouter.java:63)
	at java.awt.event.InvocationEvent.dispatch(Unknown Source)
	at java.awt.EventQueue.dispatchEvent(Unknown Source)
	at java.awt.EventDispatchThread.pumpOneEventForFilters(Unknown Source)
	at java.awt.EventDispatchThread.pumpEventsForFilter(Unknown Source)
	at java.awt.EventDispatchThread.pumpEventsForHierarchy(Unknown Source)
	at java.awt.EventDispatchThread.pumpEvents(Unknown Source)
	at java.awt.EventDispatchThread.pumpEvents(Unknown Source)
	at java.awt.EventDispatchThread.run(Unknown Source)

2017/02/05 16:59:25 WARN  - jmeter.gui.util.MenuFactory: Could not instantiate kg.apc.jmeter.vizualizers.HitsPerSecondGui java.lang.ClassNotFoundException: kg.apc.jmeter.vizualizers.HitsPerSecondGui
	at java.net.URLClassLoader$1.run(Unknown Source)
	at java.security.AccessController.doPrivileged(Native Method)
	at java.net.URLClassLoader.findClass(Unknown Source)
	at java.lang.ClassLoader.loadClass(Unknown Source)
	at sun.misc.Launcher$AppClassLoader.loadClass(Unknown Source)
	at java.lang.ClassLoader.loadClass(Unknown Source)
	at java.lang.ClassLoader.loadClassInternal(Unknown Source)
	at java.lang.Class.forName0(Native Method)
	at java.lang.Class.forName(Unknown Source)
	at org.apache.jmeter.gui.util.MenuFactory.initializeMenus(MenuFactory.java:484)
	at org.apache.jmeter.gui.util.MenuFactory.<clinit>(MenuFactory.java:160)
	at org.apache.jmeter.control.gui.WorkBenchGui.createPopupMenu(WorkBenchGui.java:119)
	at org.apache.jmeter.gui.tree.JMeterTreeNode.createPopupMenu(JMeterTreeNode.java:158)
	at org.apache.jmeter.gui.action.EditCommand.doAction(EditCommand.java:47)
	at org.apache.jmeter.gui.action.ActionRouter.performAction(ActionRouter.java:81)
	at org.apache.jmeter.gui.action.ActionRouter.access$0(ActionRouter.java:69)
	at org.apache.jmeter.gui.action.ActionRouter$1.run(ActionRouter.java:63)
	at java.awt.event.InvocationEvent.dispatch(Unknown Source)
	at java.awt.EventQueue.dispatchEvent(Unknown Source)
	at java.awt.EventDispatchThread.pumpOneEventForFilters(Unknown Source)
	at java.awt.EventDispatchThread.pumpEventsForFilter(Unknown Source)
	at java.awt.EventDispatchThread.pumpEventsForHierarchy(Unknown Source)
	at java.awt.EventDispatchThread.pumpEvents(Unknown Source)
	at java.awt.EventDispatchThread.pumpEvents(Unknown Source)
	at java.awt.EventDispatchThread.run(Unknown Source)

2017/02/05 16:59:25 WARN  - jmeter.gui.util.MenuFactory: Could not instantiate kg.apc.jmeter.vizualizers.JMXMonGui java.lang.ClassNotFoundException: kg.apc.jmeter.vizualizers.JMXMonGui
	at java.net.URLClassLoader$1.run(Unknown Source)
	at java.security.AccessController.doPrivileged(Native Method)
	at java.net.URLClassLoader.findClass(Unknown Source)
	at java.lang.ClassLoader.loadClass(Unknown Source)
	at sun.misc.Launcher$AppClassLoader.loadClass(Unknown Source)
	at java.lang.ClassLoader.loadClass(Unknown Source)
	at java.lang.ClassLoader.loadClassInternal(Unknown Source)
	at java.lang.Class.forName0(Native Method)
	at java.lang.Class.forName(Unknown Source)
	at org.apache.jmeter.gui.util.MenuFactory.initializeMenus(MenuFactory.java:484)
	at org.apache.jmeter.gui.util.MenuFactory.<clinit>(MenuFactory.java:160)
	at org.apache.jmeter.control.gui.WorkBenchGui.createPopupMenu(WorkBenchGui.java:119)
	at org.apache.jmeter.gui.tree.JMeterTreeNode.createPopupMenu(JMeterTreeNode.java:158)
	at org.apache.jmeter.gui.action.EditCommand.doAction(EditCommand.java:47)
	at org.apache.jmeter.gui.action.ActionRouter.performAction(ActionRouter.java:81)
	at org.apache.jmeter.gui.action.ActionRouter.access$0(ActionRouter.java:69)
	at org.apache.jmeter.gui.action.ActionRouter$1.run(ActionRouter.java:63)
	at java.awt.event.InvocationEvent.dispatch(Unknown Source)
	at java.awt.EventQueue.dispatchEvent(Unknown Source)
	at java.awt.EventDispatchThread.pumpOneEventForFilters(Unknown Source)
	at java.awt.EventDispatchThread.pumpEventsForFilter(Unknown Source)
	at java.awt.EventDispatchThread.pumpEventsForHierarchy(Unknown Source)
	at java.awt.EventDispatchThread.pumpEvents(Unknown Source)
	at java.awt.EventDispatchThread.pumpEvents(Unknown Source)
	at java.awt.EventDispatchThread.run(Unknown Source)

2017/02/05 16:59:25 WARN  - jmeter.gui.util.MenuFactory: Could not instantiate kg.apc.jmeter.vizualizers.LatenciesOverTimeGui java.lang.ClassNotFoundException: kg.apc.jmeter.vizualizers.LatenciesOverTimeGui
	at java.net.URLClassLoader$1.run(Unknown Source)
	at java.security.AccessController.doPrivileged(Native Method)
	at java.net.URLClassLoader.findClass(Unknown Source)
	at java.lang.ClassLoader.loadClass(Unknown Source)
	at sun.misc.Launcher$AppClassLoader.loadClass(Unknown Source)
	at java.lang.ClassLoader.loadClass(Unknown Source)
	at java.lang.ClassLoader.loadClassInternal(Unknown Source)
	at java.lang.Class.forName0(Native Method)
	at java.lang.Class.forName(Unknown Source)
	at org.apache.jmeter.gui.util.MenuFactory.initializeMenus(MenuFactory.java:484)
	at org.apache.jmeter.gui.util.MenuFactory.<clinit>(MenuFactory.java:160)
	at org.apache.jmeter.control.gui.WorkBenchGui.createPopupMenu(WorkBenchGui.java:119)
	at org.apache.jmeter.gui.tree.JMeterTreeNode.createPopupMenu(JMeterTreeNode.java:158)
	at org.apache.jmeter.gui.action.EditCommand.doAction(EditCommand.java:47)
	at org.apache.jmeter.gui.action.ActionRouter.performAction(ActionRouter.java:81)
	at org.apache.jmeter.gui.action.ActionRouter.access$0(ActionRouter.java:69)
	at org.apache.jmeter.gui.action.ActionRouter$1.run(ActionRouter.java:63)
	at java.awt.event.InvocationEvent.dispatch(Unknown Source)
	at java.awt.EventQueue.dispatchEvent(Unknown Source)
	at java.awt.EventDispatchThread.pumpOneEventForFilters(Unknown Source)
	at java.awt.EventDispatchThread.pumpEventsForFilter(Unknown Source)
	at java.awt.EventDispatchThread.pumpEventsForHierarchy(Unknown Source)
	at java.awt.EventDispatchThread.pumpEvents(Unknown Source)
	at java.awt.EventDispatchThread.pumpEvents(Unknown Source)
	at java.awt.EventDispatchThread.run(Unknown Source)

2017/02/05 16:59:25 WARN  - jmeter.gui.util.MenuFactory: Could not instantiate kg.apc.jmeter.vizualizers.MergeResultsGui java.lang.ClassNotFoundException: kg.apc.jmeter.vizualizers.MergeResultsGui
	at java.net.URLClassLoader$1.run(Unknown Source)
	at java.security.AccessController.doPrivileged(Native Method)
	at java.net.URLClassLoader.findClass(Unknown Source)
	at java.lang.ClassLoader.loadClass(Unknown Source)
	at sun.misc.Launcher$AppClassLoader.loadClass(Unknown Source)
	at java.lang.ClassLoader.loadClass(Unknown Source)
	at java.lang.ClassLoader.loadClassInternal(Unknown Source)
	at java.lang.Class.forName0(Native Method)
	at java.lang.Class.forName(Unknown Source)
	at org.apache.jmeter.gui.util.MenuFactory.initializeMenus(MenuFactory.java:484)
	at org.apache.jmeter.gui.util.MenuFactory.<clinit>(MenuFactory.java:160)
	at org.apache.jmeter.control.gui.WorkBenchGui.createPopupMenu(WorkBenchGui.java:119)
	at org.apache.jmeter.gui.tree.JMeterTreeNode.createPopupMenu(JMeterTreeNode.java:158)
	at org.apache.jmeter.gui.action.EditCommand.doAction(EditCommand.java:47)
	at org.apache.jmeter.gui.action.ActionRouter.performAction(ActionRouter.java:81)
	at org.apache.jmeter.gui.action.ActionRouter.access$0(ActionRouter.java:69)
	at org.apache.jmeter.gui.action.ActionRouter$1.run(ActionRouter.java:63)
	at java.awt.event.InvocationEvent.dispatch(Unknown Source)
	at java.awt.EventQueue.dispatchEvent(Unknown Source)
	at java.awt.EventDispatchThread.pumpOneEventForFilters(Unknown Source)
	at java.awt.EventDispatchThread.pumpEventsForFilter(Unknown Source)
	at java.awt.EventDispatchThread.pumpEventsForHierarchy(Unknown Source)
	at java.awt.EventDispatchThread.pumpEvents(Unknown Source)
	at java.awt.EventDispatchThread.pumpEvents(Unknown Source)
	at java.awt.EventDispatchThread.run(Unknown Source)

2017/02/05 16:59:25 WARN  - jmeter.gui.util.MenuFactory: Could not instantiate kg.apc.jmeter.vizualizers.PageDataExtractorOverTimeGui java.lang.ClassNotFoundException: kg.apc.jmeter.vizualizers.PageDataExtractorOverTimeGui
	at java.net.URLClassLoader$1.run(Unknown Source)
	at java.security.AccessController.doPrivileged(Native Method)
	at java.net.URLClassLoader.findClass(Unknown Source)
	at java.lang.ClassLoader.loadClass(Unknown Source)
	at sun.misc.Launcher$AppClassLoader.loadClass(Unknown Source)
	at java.lang.ClassLoader.loadClass(Unknown Source)
	at java.lang.ClassLoader.loadClassInternal(Unknown Source)
	at java.lang.Class.forName0(Native Method)
	at java.lang.Class.forName(Unknown Source)
	at org.apache.jmeter.gui.util.MenuFactory.initializeMenus(MenuFactory.java:484)
	at org.apache.jmeter.gui.util.MenuFactory.<clinit>(MenuFactory.java:160)
	at org.apache.jmeter.control.gui.WorkBenchGui.createPopupMenu(WorkBenchGui.java:119)
	at org.apache.jmeter.gui.tree.JMeterTreeNode.createPopupMenu(JMeterTreeNode.java:158)
	at org.apache.jmeter.gui.action.EditCommand.doAction(EditCommand.java:47)
	at org.apache.jmeter.gui.action.ActionRouter.performAction(ActionRouter.java:81)
	at org.apache.jmeter.gui.action.ActionRouter.access$0(ActionRouter.java:69)
	at org.apache.jmeter.gui.action.ActionRouter$1.run(ActionRouter.java:63)
	at java.awt.event.InvocationEvent.dispatch(Unknown Source)
	at java.awt.EventQueue.dispatchEvent(Unknown Source)
	at java.awt.EventDispatchThread.pumpOneEventForFilters(Unknown Source)
	at java.awt.EventDispatchThread.pumpEventsForFilter(Unknown Source)
	at java.awt.EventDispatchThread.pumpEventsForHierarchy(Unknown Source)
	at java.awt.EventDispatchThread.pumpEvents(Unknown Source)
	at java.awt.EventDispatchThread.pumpEvents(Unknown Source)
	at java.awt.EventDispatchThread.run(Unknown Source)

2017/02/05 16:59:25 WARN  - jmeter.gui.util.MenuFactory: Could not instantiate kg.apc.jmeter.vizualizers.PerfMonGui java.lang.ClassNotFoundException: kg.apc.jmeter.vizualizers.PerfMonGui
	at java.net.URLClassLoader$1.run(Unknown Source)
	at java.security.AccessController.doPrivileged(Native Method)
	at java.net.URLClassLoader.findClass(Unknown Source)
	at java.lang.ClassLoader.loadClass(Unknown Source)
	at sun.misc.Launcher$AppClassLoader.loadClass(Unknown Source)
	at java.lang.ClassLoader.loadClass(Unknown Source)
	at java.lang.ClassLoader.loadClassInternal(Unknown Source)
	at java.lang.Class.forName0(Native Method)
	at java.lang.Class.forName(Unknown Source)
	at org.apache.jmeter.gui.util.MenuFactory.initializeMenus(MenuFactory.java:484)
	at org.apache.jmeter.gui.util.MenuFactory.<clinit>(MenuFactory.java:160)
	at org.apache.jmeter.control.gui.WorkBenchGui.createPopupMenu(WorkBenchGui.java:119)
	at org.apache.jmeter.gui.tree.JMeterTreeNode.createPopupMenu(JMeterTreeNode.java:158)
	at org.apache.jmeter.gui.action.EditCommand.doAction(EditCommand.java:47)
	at org.apache.jmeter.gui.action.ActionRouter.performAction(ActionRouter.java:81)
	at org.apache.jmeter.gui.action.ActionRouter.access$0(ActionRouter.java:69)
	at org.apache.jmeter.gui.action.ActionRouter$1.run(ActionRouter.java:63)
	at java.awt.event.InvocationEvent.dispatch(Unknown Source)
	at java.awt.EventQueue.dispatchEvent(Unknown Source)
	at java.awt.EventDispatchThread.pumpOneEventForFilters(Unknown Source)
	at java.awt.EventDispatchThread.pumpEventsForFilter(Unknown Source)
	at java.awt.EventDispatchThread.pumpEventsForHierarchy(Unknown Source)
	at java.awt.EventDispatchThread.pumpEvents(Unknown Source)
	at java.awt.EventDispatchThread.pumpEvents(Unknown Source)
	at java.awt.EventDispatchThread.run(Unknown Source)

2017/02/05 16:59:25 WARN  - jmeter.gui.util.MenuFactory: Could not instantiate kg.apc.jmeter.vizualizers.ResponseCodesPerSecondGui java.lang.ClassNotFoundException: kg.apc.jmeter.vizualizers.ResponseCodesPerSecondGui
	at java.net.URLClassLoader$1.run(Unknown Source)
	at java.security.AccessController.doPrivileged(Native Method)
	at java.net.URLClassLoader.findClass(Unknown Source)
	at java.lang.ClassLoader.loadClass(Unknown Source)
	at sun.misc.Launcher$AppClassLoader.loadClass(Unknown Source)
	at java.lang.ClassLoader.loadClass(Unknown Source)
	at java.lang.ClassLoader.loadClassInternal(Unknown Source)
	at java.lang.Class.forName0(Native Method)
	at java.lang.Class.forName(Unknown Source)
	at org.apache.jmeter.gui.util.MenuFactory.initializeMenus(MenuFactory.java:484)
	at org.apache.jmeter.gui.util.MenuFactory.<clinit>(MenuFactory.java:160)
	at org.apache.jmeter.control.gui.WorkBenchGui.createPopupMenu(WorkBenchGui.java:119)
	at org.apache.jmeter.gui.tree.JMeterTreeNode.createPopupMenu(JMeterTreeNode.java:158)
	at org.apache.jmeter.gui.action.EditCommand.doAction(EditCommand.java:47)
	at org.apache.jmeter.gui.action.ActionRouter.performAction(ActionRouter.java:81)
	at org.apache.jmeter.gui.action.ActionRouter.access$0(ActionRouter.java:69)
	at org.apache.jmeter.gui.action.ActionRouter$1.run(ActionRouter.java:63)
	at java.awt.event.InvocationEvent.dispatch(Unknown Source)
	at java.awt.EventQueue.dispatchEvent(Unknown Source)
	at java.awt.EventDispatchThread.pumpOneEventForFilters(Unknown Source)
	at java.awt.EventDispatchThread.pumpEventsForFilter(Unknown Source)
	at java.awt.EventDispatchThread.pumpEventsForHierarchy(Unknown Source)
	at java.awt.EventDispatchThread.pumpEvents(Unknown Source)
	at java.awt.EventDispatchThread.pumpEvents(Unknown Source)
	at java.awt.EventDispatchThread.run(Unknown Source)

2017/02/05 16:59:25 WARN  - jmeter.gui.util.MenuFactory: Could not instantiate kg.apc.jmeter.vizualizers.ResponseTimesDistributionGui java.lang.ClassNotFoundException: kg.apc.jmeter.vizualizers.ResponseTimesDistributionGui
	at java.net.URLClassLoader$1.run(Unknown Source)
	at java.security.AccessController.doPrivileged(Native Method)
	at java.net.URLClassLoader.findClass(Unknown Source)
	at java.lang.ClassLoader.loadClass(Unknown Source)
	at sun.misc.Launcher$AppClassLoader.loadClass(Unknown Source)
	at java.lang.ClassLoader.loadClass(Unknown Source)
	at java.lang.ClassLoader.loadClassInternal(Unknown Source)
	at java.lang.Class.forName0(Native Method)
	at java.lang.Class.forName(Unknown Source)
	at org.apache.jmeter.gui.util.MenuFactory.initializeMenus(MenuFactory.java:484)
	at org.apache.jmeter.gui.util.MenuFactory.<clinit>(MenuFactory.java:160)
	at org.apache.jmeter.control.gui.WorkBenchGui.createPopupMenu(WorkBenchGui.java:119)
	at org.apache.jmeter.gui.tree.JMeterTreeNode.createPopupMenu(JMeterTreeNode.java:158)
	at org.apache.jmeter.gui.action.EditCommand.doAction(EditCommand.java:47)
	at org.apache.jmeter.gui.action.ActionRouter.performAction(ActionRouter.java:81)
	at org.apache.jmeter.gui.action.ActionRouter.access$0(ActionRouter.java:69)
	at org.apache.jmeter.gui.action.ActionRouter$1.run(ActionRouter.java:63)
	at java.awt.event.InvocationEvent.dispatch(Unknown Source)
	at java.awt.EventQueue.dispatchEvent(Unknown Source)
	at java.awt.EventDispatchThread.pumpOneEventForFilters(Unknown Source)
	at java.awt.EventDispatchThread.pumpEventsForFilter(Unknown Source)
	at java.awt.EventDispatchThread.pumpEventsForHierarchy(Unknown Source)
	at java.awt.EventDispatchThread.pumpEvents(Unknown Source)
	at java.awt.EventDispatchThread.pumpEvents(Unknown Source)
	at java.awt.EventDispatchThread.run(Unknown Source)

2017/02/05 16:59:25 WARN  - jmeter.gui.util.MenuFactory: Could not instantiate kg.apc.jmeter.vizualizers.ResponseTimesOverTimeGui java.lang.ClassNotFoundException: kg.apc.jmeter.vizualizers.ResponseTimesOverTimeGui
	at java.net.URLClassLoader$1.run(Unknown Source)
	at java.security.AccessController.doPrivileged(Native Method)
	at java.net.URLClassLoader.findClass(Unknown Source)
	at java.lang.ClassLoader.loadClass(Unknown Source)
	at sun.misc.Launcher$AppClassLoader.loadClass(Unknown Source)
	at java.lang.ClassLoader.loadClass(Unknown Source)
	at java.lang.ClassLoader.loadClassInternal(Unknown Source)
	at java.lang.Class.forName0(Native Method)
	at java.lang.Class.forName(Unknown Source)
	at org.apache.jmeter.gui.util.MenuFactory.initializeMenus(MenuFactory.java:484)
	at org.apache.jmeter.gui.util.MenuFactory.<clinit>(MenuFactory.java:160)
	at org.apache.jmeter.control.gui.WorkBenchGui.createPopupMenu(WorkBenchGui.java:119)
	at org.apache.jmeter.gui.tree.JMeterTreeNode.createPopupMenu(JMeterTreeNode.java:158)
	at org.apache.jmeter.gui.action.EditCommand.doAction(EditCommand.java:47)
	at org.apache.jmeter.gui.action.ActionRouter.performAction(ActionRouter.java:81)
	at org.apache.jmeter.gui.action.ActionRouter.access$0(ActionRouter.java:69)
	at org.apache.jmeter.gui.action.ActionRouter$1.run(ActionRouter.java:63)
	at java.awt.event.InvocationEvent.dispatch(Unknown Source)
	at java.awt.EventQueue.dispatchEvent(Unknown Source)
	at java.awt.EventDispatchThread.pumpOneEventForFilters(Unknown Source)
	at java.awt.EventDispatchThread.pumpEventsForFilter(Unknown Source)
	at java.awt.EventDispatchThread.pumpEventsForHierarchy(Unknown Source)
	at java.awt.EventDispatchThread.pumpEvents(Unknown Source)
	at java.awt.EventDispatchThread.pumpEvents(Unknown Source)
	at java.awt.EventDispatchThread.run(Unknown Source)

2017/02/05 16:59:25 WARN  - jmeter.gui.util.MenuFactory: Could not instantiate kg.apc.jmeter.vizualizers.ResponseTimesPercentilesGui java.lang.ClassNotFoundException: kg.apc.jmeter.vizualizers.ResponseTimesPercentilesGui
	at java.net.URLClassLoader$1.run(Unknown Source)
	at java.security.AccessController.doPrivileged(Native Method)
	at java.net.URLClassLoader.findClass(Unknown Source)
	at java.lang.ClassLoader.loadClass(Unknown Source)
	at sun.misc.Launcher$AppClassLoader.loadClass(Unknown Source)
	at java.lang.ClassLoader.loadClass(Unknown Source)
	at java.lang.ClassLoader.loadClassInternal(Unknown Source)
	at java.lang.Class.forName0(Native Method)
	at java.lang.Class.forName(Unknown Source)
	at org.apache.jmeter.gui.util.MenuFactory.initializeMenus(MenuFactory.java:484)
	at org.apache.jmeter.gui.util.MenuFactory.<clinit>(MenuFactory.java:160)
	at org.apache.jmeter.control.gui.WorkBenchGui.createPopupMenu(WorkBenchGui.java:119)
	at org.apache.jmeter.gui.tree.JMeterTreeNode.createPopupMenu(JMeterTreeNode.java:158)
	at org.apache.jmeter.gui.action.EditCommand.doAction(EditCommand.java:47)
	at org.apache.jmeter.gui.action.ActionRouter.performAction(ActionRouter.java:81)
	at org.apache.jmeter.gui.action.ActionRouter.access$0(ActionRouter.java:69)
	at org.apache.jmeter.gui.action.ActionRouter$1.run(ActionRouter.java:63)
	at java.awt.event.InvocationEvent.dispatch(Unknown Source)
	at java.awt.EventQueue.dispatchEvent(Unknown Source)
	at java.awt.EventDispatchThread.pumpOneEventForFilters(Unknown Source)
	at java.awt.EventDispatchThread.pumpEventsForFilter(Unknown Source)
	at java.awt.EventDispatchThread.pumpEventsForHierarchy(Unknown Source)
	at java.awt.EventDispatchThread.pumpEvents(Unknown Source)
	at java.awt.EventDispatchThread.pumpEvents(Unknown Source)
	at java.awt.EventDispatchThread.run(Unknown Source)

2017/02/05 16:59:25 WARN  - jmeter.gui.util.MenuFactory: Could not instantiate kg.apc.jmeter.vizualizers.SynthesisReportGui java.lang.ClassNotFoundException: kg.apc.jmeter.vizualizers.SynthesisReportGui
	at java.net.URLClassLoader$1.run(Unknown Source)
	at java.security.AccessController.doPrivileged(Native Method)
	at java.net.URLClassLoader.findClass(Unknown Source)
	at java.lang.ClassLoader.loadClass(Unknown Source)
	at sun.misc.Launcher$AppClassLoader.loadClass(Unknown Source)
	at java.lang.ClassLoader.loadClass(Unknown Source)
	at java.lang.ClassLoader.loadClassInternal(Unknown Source)
	at java.lang.Class.forName0(Native Method)
	at java.lang.Class.forName(Unknown Source)
	at org.apache.jmeter.gui.util.MenuFactory.initializeMenus(MenuFactory.java:484)
	at org.apache.jmeter.gui.util.MenuFactory.<clinit>(MenuFactory.java:160)
	at org.apache.jmeter.control.gui.WorkBenchGui.createPopupMenu(WorkBenchGui.java:119)
	at org.apache.jmeter.gui.tree.JMeterTreeNode.createPopupMenu(JMeterTreeNode.java:158)
	at org.apache.jmeter.gui.action.EditCommand.doAction(EditCommand.java:47)
	at org.apache.jmeter.gui.action.ActionRouter.performAction(ActionRouter.java:81)
	at org.apache.jmeter.gui.action.ActionRouter.access$0(ActionRouter.java:69)
	at org.apache.jmeter.gui.action.ActionRouter$1.run(ActionRouter.java:63)
	at java.awt.event.InvocationEvent.dispatch(Unknown Source)
	at java.awt.EventQueue.dispatchEvent(Unknown Source)
	at java.awt.EventDispatchThread.pumpOneEventForFilters(Unknown Source)
	at java.awt.EventDispatchThread.pumpEventsForFilter(Unknown Source)
	at java.awt.EventDispatchThread.pumpEventsForHierarchy(Unknown Source)
	at java.awt.EventDispatchThread.pumpEvents(Unknown Source)
	at java.awt.EventDispatchThread.pumpEvents(Unknown Source)
	at java.awt.EventDispatchThread.run(Unknown Source)

2017/02/05 16:59:25 WARN  - jmeter.gui.util.MenuFactory: Could not instantiate kg.apc.jmeter.vizualizers.ThreadsStateOverTimeGui java.lang.ClassNotFoundException: kg.apc.jmeter.vizualizers.ThreadsStateOverTimeGui
	at java.net.URLClassLoader$1.run(Unknown Source)
	at java.security.AccessController.doPrivileged(Native Method)
	at java.net.URLClassLoader.findClass(Unknown Source)
	at java.lang.ClassLoader.loadClass(Unknown Source)
	at sun.misc.Launcher$AppClassLoader.loadClass(Unknown Source)
	at java.lang.ClassLoader.loadClass(Unknown Source)
	at java.lang.ClassLoader.loadClassInternal(Unknown Source)
	at java.lang.Class.forName0(Native Method)
	at java.lang.Class.forName(Unknown Source)
	at org.apache.jmeter.gui.util.MenuFactory.initializeMenus(MenuFactory.java:484)
	at org.apache.jmeter.gui.util.MenuFactory.<clinit>(MenuFactory.java:160)
	at org.apache.jmeter.control.gui.WorkBenchGui.createPopupMenu(WorkBenchGui.java:119)
	at org.apache.jmeter.gui.tree.JMeterTreeNode.createPopupMenu(JMeterTreeNode.java:158)
	at org.apache.jmeter.gui.action.EditCommand.doAction(EditCommand.java:47)
	at org.apache.jmeter.gui.action.ActionRouter.performAction(ActionRouter.java:81)
	at org.apache.jmeter.gui.action.ActionRouter.access$0(ActionRouter.java:69)
	at org.apache.jmeter.gui.action.ActionRouter$1.run(ActionRouter.java:63)
	at java.awt.event.InvocationEvent.dispatch(Unknown Source)
	at java.awt.EventQueue.dispatchEvent(Unknown Source)
	at java.awt.EventDispatchThread.pumpOneEventForFilters(Unknown Source)
	at java.awt.EventDispatchThread.pumpEventsForFilter(Unknown Source)
	at java.awt.EventDispatchThread.pumpEventsForHierarchy(Unknown Source)
	at java.awt.EventDispatchThread.pumpEvents(Unknown Source)
	at java.awt.EventDispatchThread.pumpEvents(Unknown Source)
	at java.awt.EventDispatchThread.run(Unknown Source)

2017/02/05 16:59:25 WARN  - jmeter.gui.util.MenuFactory: Could not instantiate kg.apc.jmeter.vizualizers.ThroughputVsThreadsGui java.lang.ClassNotFoundException: kg.apc.jmeter.vizualizers.ThroughputVsThreadsGui
	at java.net.URLClassLoader$1.run(Unknown Source)
	at java.security.AccessController.doPrivileged(Native Method)
	at java.net.URLClassLoader.findClass(Unknown Source)
	at java.lang.ClassLoader.loadClass(Unknown Source)
	at sun.misc.Launcher$AppClassLoader.loadClass(Unknown Source)
	at java.lang.ClassLoader.loadClass(Unknown Source)
	at java.lang.ClassLoader.loadClassInternal(Unknown Source)
	at java.lang.Class.forName0(Native Method)
	at java.lang.Class.forName(Unknown Source)
	at org.apache.jmeter.gui.util.MenuFactory.initializeMenus(MenuFactory.java:484)
	at org.apache.jmeter.gui.util.MenuFactory.<clinit>(MenuFactory.java:160)
	at org.apache.jmeter.control.gui.WorkBenchGui.createPopupMenu(WorkBenchGui.java:119)
	at org.apache.jmeter.gui.tree.JMeterTreeNode.createPopupMenu(JMeterTreeNode.java:158)
	at org.apache.jmeter.gui.action.EditCommand.doAction(EditCommand.java:47)
	at org.apache.jmeter.gui.action.ActionRouter.performAction(ActionRouter.java:81)
	at org.apache.jmeter.gui.action.ActionRouter.access$0(ActionRouter.java:69)
	at org.apache.jmeter.gui.action.ActionRouter$1.run(ActionRouter.java:63)
	at java.awt.event.InvocationEvent.dispatch(Unknown Source)
	at java.awt.EventQueue.dispatchEvent(Unknown Source)
	at java.awt.EventDispatchThread.pumpOneEventForFilters(Unknown Source)
	at java.awt.EventDispatchThread.pumpEventsForFilter(Unknown Source)
	at java.awt.EventDispatchThread.pumpEventsForHierarchy(Unknown Source)
	at java.awt.EventDispatchThread.pumpEvents(Unknown Source)
	at java.awt.EventDispatchThread.pumpEvents(Unknown Source)
	at java.awt.EventDispatchThread.run(Unknown Source)

2017/02/05 16:59:25 WARN  - jmeter.gui.util.MenuFactory: Could not instantiate kg.apc.jmeter.vizualizers.TimesVsThreadsGui java.lang.ClassNotFoundException: kg.apc.jmeter.vizualizers.TimesVsThreadsGui
	at java.net.URLClassLoader$1.run(Unknown Source)
	at java.security.AccessController.doPrivileged(Native Method)
	at java.net.URLClassLoader.findClass(Unknown Source)
	at java.lang.ClassLoader.loadClass(Unknown Source)
	at sun.misc.Launcher$AppClassLoader.loadClass(Unknown Source)
	at java.lang.ClassLoader.loadClass(Unknown Source)
	at java.lang.ClassLoader.loadClassInternal(Unknown Source)
	at java.lang.Class.forName0(Native Method)
	at java.lang.Class.forName(Unknown Source)
	at org.apache.jmeter.gui.util.MenuFactory.initializeMenus(MenuFactory.java:484)
	at org.apache.jmeter.gui.util.MenuFactory.<clinit>(MenuFactory.java:160)
	at org.apache.jmeter.control.gui.WorkBenchGui.createPopupMenu(WorkBenchGui.java:119)
	at org.apache.jmeter.gui.tree.JMeterTreeNode.createPopupMenu(JMeterTreeNode.java:158)
	at org.apache.jmeter.gui.action.EditCommand.doAction(EditCommand.java:47)
	at org.apache.jmeter.gui.action.ActionRouter.performAction(ActionRouter.java:81)
	at org.apache.jmeter.gui.action.ActionRouter.access$0(ActionRouter.java:69)
	at org.apache.jmeter.gui.action.ActionRouter$1.run(ActionRouter.java:63)
	at java.awt.event.InvocationEvent.dispatch(Unknown Source)
	at java.awt.EventQueue.dispatchEvent(Unknown Source)
	at java.awt.EventDispatchThread.pumpOneEventForFilters(Unknown Source)
	at java.awt.EventDispatchThread.pumpEventsForFilter(Unknown Source)
	at java.awt.EventDispatchThread.pumpEventsForHierarchy(Unknown Source)
	at java.awt.EventDispatchThread.pumpEvents(Unknown Source)
	at java.awt.EventDispatchThread.pumpEvents(Unknown Source)
	at java.awt.EventDispatchThread.run(Unknown Source)

2017/02/05 16:59:25 WARN  - jmeter.gui.util.MenuFactory: Could not instantiate kg.apc.jmeter.vizualizers.TransactionsPerSecondGui java.lang.ClassNotFoundException: kg.apc.jmeter.vizualizers.TransactionsPerSecondGui
	at java.net.URLClassLoader$1.run(Unknown Source)
	at java.security.AccessController.doPrivileged(Native Method)
	at java.net.URLClassLoader.findClass(Unknown Source)
	at java.lang.ClassLoader.loadClass(Unknown Source)
	at sun.misc.Launcher$AppClassLoader.loadClass(Unknown Source)
	at java.lang.ClassLoader.loadClass(Unknown Source)
	at java.lang.ClassLoader.loadClassInternal(Unknown Source)
	at java.lang.Class.forName0(Native Method)
	at java.lang.Class.forName(Unknown Source)
	at org.apache.jmeter.gui.util.MenuFactory.initializeMenus(MenuFactory.java:484)
	at org.apache.jmeter.gui.util.MenuFactory.<clinit>(MenuFactory.java:160)
	at org.apache.jmeter.control.gui.WorkBenchGui.createPopupMenu(WorkBenchGui.java:119)
	at org.apache.jmeter.gui.tree.JMeterTreeNode.createPopupMenu(JMeterTreeNode.java:158)
	at org.apache.jmeter.gui.action.EditCommand.doAction(EditCommand.java:47)
	at org.apache.jmeter.gui.action.ActionRouter.performAction(ActionRouter.java:81)
	at org.apache.jmeter.gui.action.ActionRouter.access$0(ActionRouter.java:69)
	at org.apache.jmeter.gui.action.ActionRouter$1.run(ActionRouter.java:63)
	at java.awt.event.InvocationEvent.dispatch(Unknown Source)
	at java.awt.EventQueue.dispatchEvent(Unknown Source)
	at java.awt.EventDispatchThread.pumpOneEventForFilters(Unknown Source)
	at java.awt.EventDispatchThread.pumpEventsForFilter(Unknown Source)
	at java.awt.EventDispatchThread.pumpEventsForHierarchy(Unknown Source)
	at java.awt.EventDispatchThread.pumpEvents(Unknown Source)
	at java.awt.EventDispatchThread.pumpEvents(Unknown Source)
	at java.awt.EventDispatchThread.run(Unknown Source)

2017/02/05 16:59:25 INFO  - jmeter.util.BSFTestElement: Registering JMeter version of JavaScript engine as work-round for BSF-22 
2017/02/05 16:59:25 INFO  - jmeter.protocol.http.sampler.HTTPSamplerBase: Cannot find .className property for htmlParser, using default 
2017/02/05 16:59:25 INFO  - jmeter.protocol.http.sampler.HTTPSamplerBase: Parser for text/html is  
2017/02/05 16:59:25 INFO  - jmeter.protocol.http.sampler.HTTPSamplerBase: Parser for application/xhtml+xml is  
2017/02/05 16:59:25 INFO  - jmeter.protocol.http.sampler.HTTPSamplerBase: Parser for application/xml is  
2017/02/05 16:59:25 INFO  - jmeter.protocol.http.sampler.HTTPSamplerBase: Parser for text/xml is  
2017/02/05 16:59:25 INFO  - jmeter.protocol.http.sampler.HTTPSamplerBase: Parser for text/vnd.wap.wml is org.apache.jmeter.protocol.http.parser.RegexpHTMLParser 
2017/02/05 16:59:26 INFO  - jmeter.gui.util.MenuFactory: Skipping org.apache.jmeter.protocol.http.control.gui.WebServiceSamplerGui 
2017/02/05 16:59:26 INFO  - jmeter.gui.util.MenuFactory: Skipping org.apache.jmeter.protocol.http.modifier.gui.ParamModifierGui 
2017/02/05 16:59:26 INFO  - jorphan.exec.KeyToolUtils: keytool found at 'keytool' 
2017/02/05 16:59:26 WARN  - jmeter.protocol.http.proxy.ProxyControl: HTTP(S) Test Script Recorder SSL Proxy will use keys that may not work for embedded resources in file E:\Jmeter1\bin\proxyserver.jks 
2017/02/05 16:59:27 INFO  - jmeter.samplers.SampleResult: Note: Sample TimeStamps are START times 
2017/02/05 16:59:27 INFO  - jmeter.samplers.SampleResult: sampleresult.default.encoding is set to ISO-8859-1 
2017/02/05 16:59:27 INFO  - jmeter.samplers.SampleResult: sampleresult.useNanoTime=true 
2017/02/05 16:59:27 INFO  - jmeter.samplers.SampleResult: sampleresult.nanoThreadSleep=5000 
2017/02/05 16:59:27 WARN  - jmeter.gui.util.MenuFactory: Could not instantiate org.jmeterplugins.protocol.http.control.gui.HttpSimpleTableControlGui java.lang.ClassNotFoundException: org.jmeterplugins.protocol.http.control.gui.HttpSimpleTableControlGui
	at java.net.URLClassLoader$1.run(Unknown Source)
	at java.security.AccessController.doPrivileged(Native Method)
	at java.net.URLClassLoader.findClass(Unknown Source)
	at java.lang.ClassLoader.loadClass(Unknown Source)
	at sun.misc.Launcher$AppClassLoader.loadClass(Unknown Source)
	at java.lang.ClassLoader.loadClass(Unknown Source)
	at java.lang.ClassLoader.loadClassInternal(Unknown Source)
	at java.lang.Class.forName0(Native Method)
	at java.lang.Class.forName(Unknown Source)
	at org.apache.jmeter.gui.util.MenuFactory.initializeMenus(MenuFactory.java:484)
	at org.apache.jmeter.gui.util.MenuFactory.<clinit>(MenuFactory.java:160)
	at org.apache.jmeter.control.gui.WorkBenchGui.createPopupMenu(WorkBenchGui.java:119)
	at org.apache.jmeter.gui.tree.JMeterTreeNode.createPopupMenu(JMeterTreeNode.java:158)
	at org.apache.jmeter.gui.action.EditCommand.doAction(EditCommand.java:47)
	at org.apache.jmeter.gui.action.ActionRouter.performAction(ActionRouter.java:81)
	at org.apache.jmeter.gui.action.ActionRouter.access$0(ActionRouter.java:69)
	at org.apache.jmeter.gui.action.ActionRouter$1.run(ActionRouter.java:63)
	at java.awt.event.InvocationEvent.dispatch(Unknown Source)
	at java.awt.EventQueue.dispatchEvent(Unknown Source)
	at java.awt.EventDispatchThread.pumpOneEventForFilters(Unknown Source)
	at java.awt.EventDispatchThread.pumpEventsForFilter(Unknown Source)
	at java.awt.EventDispatchThread.pumpEventsForHierarchy(Unknown Source)
	at java.awt.EventDispatchThread.pumpEvents(Unknown Source)
	at java.awt.EventDispatchThread.pumpEvents(Unknown Source)
	at java.awt.EventDispatchThread.run(Unknown Source)

